0.8558423342139009 0.8690194420683195 0.8890073193220401
0.8576110636657002 0.8717149494880528 0.8951750180809647
0.862917521152692 0.8775985184964885 0.8951981043306833
0.8748568375746762 0.8844526094900325 0.8996202129612901
0.8823742432149118 0.8915716169323236 0.9093485176546487
0.8823742435681016 0.8933408543055569 0.909348518567482
0.8925449744926565 0.8999738296453026 0.9159815222612674
0.8956403036932552 0.905634038186592 0.9181926148201749
0.8956403036932552 0.9082871919852129 0.9195187319568443
0.9035999275681525 0.9139473212580309 0.9292475352401913
0.9035999289682903 0.9148318258902408 0.9292475353048255
0.9124440232850427 0.9203592713047744 0.9292475353048255
0.9146478732568766 0.9227464932714572 0.9310163491510327
0.9173081706068349 0.9255330480923367 0.9354383663427123
0.920845789265737 0.9293354366091506 0.937207221090064
0.9217301433857235 0.9314585758266769 0.9509154544641114
0.9252677170901803 0.9348632498623711 0.9509154563812658
0.9252677170901803 0.9360574666010495 0.9509154563812658
0.9310163617265527 0.9380915963935624 0.9509154563812658
0.9345540169185772 0.940037098528274 0.9522420652928903
0.9349961742616065 0.9405237032106148 0.9548952518366934
0.9372071651392095 0.9430000239409025 0.957990673436875
0.939418243639556 0.9448572845900255 0.9602016847291678
0.9403026016792114 0.9458300842599444 0.9602016847561079
0.9407448355796556 0.9468471930320506 0.9606438887677149
0.9420713927486892 0.9478200244834856 0.9606438887814827
0.945166808110882 0.9496772905653941 0.9624127000861481
0.9451668084481673 0.9509154505017696 0.9624127004049203
0.9451668084481673 0.9520651051540667 0.9632971083953336
0.9464934267405098 0.9535244435977596 0.9632971084556701
0.9513576488362343 0.9549394901250023 0.9632971084556701
0.9513576491100048 0.9556470147829825 0.9637393121645144
0.9526842432334941 0.9563545428376065 0.9655081239730386
0.9548952678586243 0.9575926744380524 0.9677188322774382
0.9557796669330564 0.958521329823161 0.9677191419923246
0.9557796669330564 0.9603343562441686 0.9677191419923258
0.9566639969734863 0.9608207735565187 0.9677191419923258
0.9571062924837543 0.9613072031785507 0.968603540808829
0.9593172834426451 0.9619704962828963 0.968603541066758
0.9593172856816757 0.9624127085690818 0.9690457504259952
0.960201689254364 0.9628106838788483 0.9690457518294194
0.9606438930888934 0.9637835288585354 0.969487866747829
0.9610861062814311 0.9640930823625012 0.969487955854794
0.9610861107594926 0.9643584032135223 0.970372352969035
0.9624126987312581 0.9654196852055353 0.9703723549292262
0.9624127004049203 0.9663483088115946 0.9712567247384389
0.9628549154938 0.967232714306235 0.9712567607409451
0.9628549156456435 0.9680286864641123 0.9721411686541807
0.9646237317673373 0.968249788349093 0.9721411687916949
0.9646237317673373 0.9686836869490968 0.9721411687916949
0.9650659335334866 0.9694879446705439 0.9739099802993365
0.9668347406788627 0.9698859374526367 0.9739099804151325
0.9677191413967923 0.9703281401254802 0.9739099804151325
0.9686035522821062 0.9709914449942965 0.9739099804151325
0.9686035522821062 0.9710798421557871 0.9739099804151325
0.9686035545413316 0.9719102896562412 0.9747943877258081
0.9686035545413316 0.9723179672933133 0.9761209938916003
0.9690457630447644 0.9726142585960323 0.9761209983029758
0.9690457630447676 0.9732024602384074 0.977447607946721
0.9699301666174559 0.9735120000265207 0.9787741987409425
0.9699301666174559 0.9746617305043133 0.9787742179771632
0.9712567248314606 0.9749712682090259 0.9787742179771632
0.9712567674782321 0.97514815402848 0.9787742179771632
0.9712567764336268 0.9754576965717752 0.9792164202777092
0.9712567786935803 0.9758556789580421 0.979216422002538
0.9725833816436369 0.9761652181828678 0.979216422002538
0.9725833817933872 0.9763863227004783 0.9805430318396229
0.9725833885306739 0.9765632047637913 0.9805430318396319
0.9734677853660754 0.977093847694199 0.9805430318396319
0.9734677853660754 0.9772261715204911 0.9805430318396319
0.9734677853660754 0.9776244921794328 0.9805430318396319
0.9743521934168249 0.977978254900961 0.9809852355311426
0.9743521934168249 0.9781109093680465 0.9814273738808917
0.9743521934168249 0.9783762380016231 0.9814274398903811
0.9743521934168249 0.9784103248069981 0.9814274398903813
0.9761210072170994 0.979127982681851 0.9823118456943335
0.9761210072792934 0.9791721991851998 0.9823118457021002
0.9761210072792934 0.9796144031015188 0.9823118457021002
0.9761210072792934 0.9796144078683513 0.9823118457021002
0.9761210072792934 0.9800123905224407 0.9840806613205851
0.9774476106736577 0.9804103732042908 0.9840806618035993
0.9774476171163871 0.9807641369371012 0.9840806618035993
0.9774476171163871 0.9810293794139152 0.9840806618035993
0.9778898189027312 0.9813390003646154 0.9840806618035993
0.978330574992111 0.9816041780413498 0.9840806618035993
0.9783320229281003 0.9817812029717583 0.984522855726918
0.9801008300532877 0.9824887287942184 0.9845228635899435
0.9801008300532877 0.9826213885443679 0.9845228656075524
0.9801008300532877 0.9828867118213506 0.9845228658289741
0.9801008300532877 0.9830635932149201 0.9845228658289741
0.9801008300532877 0.9834173561367809 0.9854072737444836
0.9801008300532877 0.9835057969721086 0.9854072738797238
0.9801008300532877 0.9835500173892923 0.9854072738797238
0.981869643907978 0.9841248684431647 0.9862916792056747
0.981869643915756 0.9842575426230784 0.9862916796914427
0.982311847941131 0.9845228646322427 0.9862916796914427
0.9827540513850687 0.9847881867214019 0.9867338827280736
0.9827540519665058 0.9850092877458575 0.9867338837168175
0.9827540519665058 0.9850092886895648 0.9867338837168175
0.9827540519665058 0.9850092886895648 0.9867338837168175
0.9831962537528499 0.9853188305363411 0.9867338837168175
0.9831962537528499 0.9854514912950446 0.9867338837168175
0.9831962537528499 0.985761034330854 0.9880604929422359
0.9831962537528499 0.9857610344131867 0.9880604935539112
0.9831962537528499 0.9857610344131867 0.9880604935539112
0.9836384577429806 0.986114797349253 0.9885026973258927
0.9836384577782247 0.9861147974095836 0.988502697579286
0.9845228658289743 0.9863358926934351 0.988502697579286
0.9845228658289743 0.9865127803288021 0.988502697579286
0.9849650676153182 0.986688062080997 0.988502697579286
0.9849650676153182 0.9866896621947585 0.988502697579286
0.9849650676153182 0.9867338823702088 0.988502697579286
0.9849650676153182 0.9868223231382688 0.9889449014181897
0.9849650676153182 0.9869992046398061 0.9889449016046608
0.9849650676153182 0.9871760861203823 0.9889449016046608
0.9849650676153182 0.9873086685132456 0.9889449016046608
0.9862916774524121 0.9874856287626204 0.9889449016046608
0.9862916774524121 0.9874856287687299 0.9889449016046608
0.9862916819304733 0.987618288469222 0.9893870906871751
0.9862916819304733 0.9878393913369118 0.9893871056300355
0.9862916819304733 0.988060493139376 0.9893871056300355
0.9862916819304733 0.9880604933300081 0.9893871056300355
0.9867338814777867 0.9884142543993079 0.9902715106988219
0.9867338814777867 0.9884142560987952 0.9902715114417543
0.9871760839159176 0.9884584763463149 0.9902715114417543
0.9871760855031615 0.9885026967404368 0.9902715114417543
0.9871760855031615 0.9885469170769856 0.9902715114417543
0.9871760855031615 0.9885469170862112 0.9902715114417543
0.9871760855031615 0.9888564591715326 0.9902715114417543
0.9871760855031615 0.9889006803061913 0.9902715136807851
0.9871760855031615 0.9891217794128199 0.9907137153789731
0.9871760855031615 0.9891217820952953 0.9907137154671293
0.987618289522172 0.9892102228997294 0.9907137154671293
0.9876182895285363 0.9892102229003704 0.9907137154671293
0.9876182895285363 0.9892986634757241 0.9907137154671293
0.9876182895285363 0.9892986634815422 0.9907137154671293
0.9876182895285363 0.9896524257273585 0.9915981234773115
0.9876182895285363 0.9897408672245158 0.9915981235178788
0.9876182895285363 0.9898293079155819 0.9915981235178788
0.9876182895285363 0.9898293080880889 0.9915981235178788
0.9876182895285363 0.9898735273418525 0.9915981235178788
0.9876182895285363 0.9899177477484367 0.9915981235178788
0.9885026974801154 0.9900061896883218 0.9915981235178788
0.988502697579286 0.9900504100393928 0.9915981235178788
0.9893870980863584 0.9901830679990139 0.9915981235178788
0.9893871033910049 0.9902272914834643 0.9915981235178788
0.9893871033910049 0.9903599526490694 0.992040327529735
0.9893871033910049 0.9904483934967558 0.9920403275432538
0.9898293096554104 0.990625275072933 0.9920403275432538
0.9898293096554104 0.9906252751098604 0.9920403275432538
0.9898293096554104 0.9907137159086481 0.9920403275432538
0.9898293096554104 0.9908463761720135 0.9920403275432538
0.9898293096554104 0.990846377122548 0.9920403275432538
0.9898293096554104 0.990846377122548 0.9920403275432538
0.9898293096554104 0.9908905975246004 0.9924825315637799
0.9898293096554104 0.9910674788361076 0.9924825315686284
0.9898293096554104 0.9911559199321998 0.9924825315686284
0.9898293096554104 0.991200140308236 0.9924825315686284
0.9898293096554104 0.9912001403428476 0.9924825315686284
0.9898293096554104 0.9912001403428476 0.9924825315686284
0.9898293096554104 0.9912885800491527 0.9929247247416838
0.9898293096554104 0.99146348995204 0.9929247355940032
0.9898293096554104 0.9915095223723999 0.9929247355940032
0.9898293096554104 0.9915981239644992 0.9929247355940032
0.9898293096554104 0.9915981239656849 0.9929247355940032
0.9898293096554104 0.9915981239656849 0.9929247355940032
0.9898293096554104 0.9915981239656849 0.9929247355940032
0.9898293096554104 0.9915981239656849 0.9929247355940032
0.9898293096554104 0.9917749869903689 0.9933667560137106
0.9898293096554104 0.9918634448117002 0.9933669396193774
0.9898293096554104 0.9919518863601084 0.9933669396193779
0.9898293096554104 0.9919961072477754 0.9933669396193779
0.9898293096554104 0.9920403262094878 0.9933669396193779
0.9898293096554104 0.9920403277671566 0.9933669396193779
0.9898293096554104 0.9920845479289666 0.9933669396193779
0.9898293096554104 0.9920845481696942 0.9933669396193779
0.9911559165868673 0.99221720886284 0.9933669396193779
0.991155919492504 0.9922614295548866 0.9938091436342078
0.991155919492504 0.992305649886748 0.9938091436447527
0.991155919492504 0.9923056499584787 0.9938091436447527
0.991155919492504 0.9923498703504057 0.9938091436447527
0.991155919492504 0.9923940907497657 0.9938091436447527
0.991155919492504 0.9924825315276576 0.9938091436447527
0.991155919492504 0.9925643331084564 0.9941849650398522
0.991155919492504 0.9927036334980108 0.9942513476698762
0.991155919492504 0.9927036335813157 0.9942513476701277
0.991155919492504 0.9927036335813157 0.9942513476701277
0.991155919492504 0.9927478539702725 0.9942513476701277
0.991155919492504 0.9927920743855697 0.9942513476701277
0.991155919492504 0.9927920743863907 0.9942513476701277
0.991155919492504 0.9928362947857142 0.9942513476701277
0.991155919492504 0.992968955990387 0.9942513476701277
0.9915981230109897 0.9930131763483893 0.9942513476701277
0.9915981235178788 0.993145837374972 0.9946935494118196
0.9915981235178788 0.9931458376066906 0.9946935516955024
0.9920402936984413 0.993190054624747 0.9946935516955024
0.9920403275432536 0.9932784986961654 0.9946935516955024
0.9920403275432538 0.9932784988143032 0.9946935516955024
0.9920403275432538 0.9933227191879885 0.9946935516955024
0.9920403275432538 0.9933227192168405 0.9946935516955024
0.9920403275432538 0.9933669394420251 0.9951357539473493
0.9920403275432538 0.9934111599255158 0.9951357557208772
0.9920403275432538 0.9934996007843061 0.9951357557208772
0.9920403275432538 0.9935438212289185 0.9951357557208772
0.9920403275432538 0.9935880414252043 0.9951357557208772
0.9920403275432538 0.9936764824368947 0.9951357557208772
0.9920403275432538 0.9937207028377812 0.9955779597272857
0.9920403275432538 0.9937649231813325 0.9955779597462521
0.9924825315686284 0.9938533640426808 0.9955779597462521
0.9924825315686284 0.9938533640472901 0.9955779597462521
0.9924825315686284 0.9939418044430735 0.9955779597462521
0.9924825315686284 0.9939418048523653 0.9955779597462521
0.9924825315686284 0.9939860252336896 0.9955779597462521
0.9924825315686284 0.9940302451891059 0.9955779597462521
0.9924825315686284 0.9940744651615754 0.9955779597462521
0.9924825315686284 0.9941186863835055 0.9955779597462521
0.9924825315686284 0.994118686462515 0.9955779597462521
0.9924825315686284 0.9941629068498553 0.9955779597462521
0.9924825315686284 0.9941629068650526 0.9955779597462521
0.9924825315686284 0.9942071272671997 0.9955779597462521
0.9924825315686284 0.99420712726759 0.9955779597462521
0.9929247352999587 0.9942955629519593 0.9955779597462521
0.9933669392960749 0.9944282250046731 0.9955779597462521
0.9933669396193779 0.9944724496825124 0.9960201637686033
0.9933669396193779 0.9944724496828149 0.9960201637716268
0.9933669396193779 0.9944724496828149 0.9960201637716268
0.9933669396193779 0.9944724496828149 0.9960201637716268
0.9933669396193779 0.9945608904644615 0.9960201637716268
0.9933669396193779 0.9945608904878899 0.9960201637716268
0.9933669396193779 0.994693551314129 0.9960201637716268
0.9938091432048198 0.994781992448312 0.9964623677142816
0.9938091436447527 0.9947819925005772 0.9964623677970016
0.9938091436447527 0.9948260323394417 0.9964623677970016
0.9938091436447527 0.994870433042124 0.9964623677970016
0.9938091436447527 0.9948704333056522 0.9964623677970016
0.9938091436447527 0.9948704333056522 0.9964623677970016
0.9938091436447527 0.994914653668404 0.9964623677970016
0.9938091436447529 0.9950473148949055 0.9969045717542908
0.9938091436447529 0.9950473149158021 0.9969045718223764
0.9938091436447529 0.995135755675434 0.9969045718223764
0.9938091436447529 0.9951357557208771 0.9969045718223764
0.9942513476573847 0.9952684169257859 0.9969045718223764
0.9942513476701277 0.9953568572555372 0.9973467758429073
0.9946935512744 0.9954010780939917 0.9973467758477511
0.9946935516955024 0.995401078136102 0.9973467758477511
0.9946935516955024 0.995401078136102 0.9973467758477511
0.9946935516955024 0.9955337392199747 0.9973467758477511
0.9946935516955024 0.9955337393437145 0.9973467758477511
0.9946935516955024 0.9955337393437145 0.9973467758477511
0.9946935516955024 0.9955779597421299 0.9973467758477511
0.9946935516955024 0.9956221801035406 0.9973467758477511
0.9946935516955024 0.9956664005510089 0.9973467758477511
0.9946935516955024 0.9957548412041 0.9973467758477511
0.9946935516955024 0.9957548413564019 0.9973467758477511
0.9946935516955024 0.9957548413564019 0.9973467758477511
0.9946935516955024 0.9957548413564019 0.9973467758477511
0.9946935516955024 0.9958875025001603 0.9973467758477511
0.9946935516955024 0.9958875025640145 0.9973467758477511
0.9946935516955024 0.9958875025640145 0.9973467758477511
0.9946935516955024 0.9958875025640145 0.9973467758477511
0.9946935516955024 0.9958875025640145 0.9973467758477511
0.9946935516955024 0.9959317229664926 0.9973467758477511
0.9951357557208772 0.9960201637441104 0.9973467758477511
0.9951357557208772 0.9960201637716268 0.9973467758477511
0.9951357557208772 0.9960643841229994 0.9973467758477511
0.9951357557208772 0.9961086043697259 0.9973467758477511
0.9951357557208772 0.9961086045767018 0.9973467758477511
0.9951357557208772 0.9961086045767018 0.9973467758477511
0.9951357557208772 0.9961528249792233 0.9973467758477511
0.9951357557208772 0.9962412654954076 0.9973467758477511
0.9951357557208772 0.996241265784314 0.9973467758477511
0.9951357557208772 0.996241265784314 0.9973467758477511
0.9951357557208772 0.996241265784314 0.9973467758477511
0.9951357557208772 0.996241265784314 0.9973467758477511
0.9955779572148413 0.9962854859337105 0.9973467758477511
0.9955779597462521 0.9963297065882128 0.9973467758477511
0.9955779597462521 0.9963739269718882 0.9973467758477511
0.9955779597462521 0.9963739269919266 0.9973467758477511
0.9955779597462521 0.9963739269919266 0.9973467758477511
0.9955779597462521 0.9963739269919266 0.9973467758477511
0.9955779597462521 0.9963739269919266 0.9973467758477511
0.9955779597462521 0.9963739269919266 0.9973467758477511
0.9960201555692099 0.9965065871487617 0.9973467758477511
0.9960201637716268 0.996506588199539 0.9973467758477511
0.9960201637716268 0.9965508084731513 0.9973467758477511
0.9960201637716268 0.9966392430437996 0.9973467758477511
0.9960201637716268 0.9966834698040336 0.9973467758477511
0.9960201637716268 0.9966834698096889 0.9973467758477511
0.9960201637716268 0.996727690117502 0.9973467758477511
0.9960201637716268 0.9967719106147636 0.9973467758477511
0.9960201637716268 0.9967719106147639 0.9973467758477511
0.9960201637716268 0.9967719106147639 0.9973467758477511
0.9960201637716268 0.9967719106147639 0.9973467758477511
0.9960201637716268 0.9967719106147639 0.9973467758477511
0.9960201637716268 0.9967719106147639 0.9973467758477511
0.9960201637716268 0.9968161309721868 0.9973467758477511
0.9960201637716268 0.9968161310173015 0.9973467758477511
0.9960201637716268 0.9968161310173015 0.9973467758477511
0.9960201637716268 0.9969045718082814 0.9973467758477511
0.9960201637716268 0.9969045718223762 0.9973467758477511
0.9960201637716268 0.9969045718223762 0.9973467758477511
0.9960201637716268 0.9969930125529002 0.9973467758477511
0.9960201637716268 0.9969930126274512 0.9973467758477511
0.9964623662635721 0.9970372328766457 0.9973467758477511
0.9964623677970016 0.9970372330299886 0.9973467758477511
0.9964623677970016 0.9970814534298551 0.9973467758477511
0.9964623677970016 0.9970814534325261 0.9973467758477511
0.9964623677970016 0.9970814534325261 0.9973467758477511
0.9964623677970016 0.9971698939541772 0.9977889798730207
0.9964623677970016 0.9972141022898375 0.9977889798731261
0.9964623677970016 0.9972141146401385 0.9977889798731261
0.9964623677970016 0.997258335009539 0.9977889798731261
0.9964623677970016 0.9973025554431869 0.9977889798731261
0.9964623677970016 0.9973025554452137 0.9977889798731261
0.9964623677970016 0.9973025554452137 0.9977889798731261
0.9964623677970016 0.9973025554452137 0.9977889798731261
0.9964623677970016 0.997346775841498 0.9977889798731261
0.9964623677970016 0.9974352006165617 0.998231030181405
0.9964623677970016 0.9974352166528261 0.9982311838985002
0.9964623677970016 0.9974352166528261 0.9982311838985009
0.9964623677970016 0.9974794348016331 0.9982311838985009
0.9964623677970016 0.9974794370553637 0.9982311838985009
0.9964623677970016 0.9974794370553637 0.9982311838985009
0.9964623677970016 0.997523657456328 0.9982311838985009
0.9964623677970016 0.9975236574579011 0.9982311838985009
0.9964623677970016 0.9975236574579011 0.9982311838985009
0.9964623677970016 0.9975678778593515 0.9982311838985009
0.9964623677970016 0.9975678778604387 0.9982311838985009
0.9964623677970016 0.9976120982623911 0.9982311838985009
0.9964623677970016 0.9976563186224077 0.9982311838985009
0.9964623677970016 0.9976563186655134 0.9982311838985009
0.9964623677970016 0.9976563186655134 0.9982311838985009
0.9964623677970016 0.9976563186655134 0.9982311838985009
0.9964623677970016 0.9976563186655134 0.9982311838985009
0.9964623677970016 0.997700539065959 0.9982311838985009
0.9964623677970016 0.997700539068051 0.9982311838985009
0.9964623677970016 0.9977447594703358 0.9982311838985009
0.9969045647640792 0.9977889791672963 0.9982311838985009
0.9969045718223764 0.997788979873126 0.9982311838985009
0.9969045718223764 0.997788979873126 0.9982311838985009
0.9969045718223764 0.9978332002751363 0.9982311838985009
0.9969045718223764 0.9978332002756636 0.9982311838985009
0.9969045718223764 0.9978332002756636 0.9982311838985009
0.9969045718223764 0.9978332002756636 0.9982311838985009
0.9969045718223764 0.9978774206780047 0.9986733879219113
0.9969045718223764 0.997877420678201 0.9986733879238755
0.9969045718223764 0.997921641062171 0.9986733879238755
0.9969045718223764 0.9979216410807386 0.9986733879238755
0.9969045718223764 0.9979216410807386 0.9986733879238755
0.9969045718223764 0.9979658614712426 0.9991155918289141
0.9969045718223764 0.9979658614832762 0.9991155919492505
0.9973467748799322 0.9980100817890317 0.9991155919492505
0.9973467758477511 0.9980100818858135 0.9991155919492505
0.9973467758477511 0.9980100818858135 0.9991155919492505
0.9973467758477511 0.9980100818858135 0.9991155919492505
0.9973467758477511 0.9980100818858135 0.9991155919492505
0.9973467758477511 0.9980100818858135 0.9991155919492505
0.9973467758477511 0.9980542987194999 0.9991155919492505
0.9973467758477511 0.9980543022883509 0.9991155919492505
0.9973467758477511 0.9980985226280037 0.9991155919492505
0.9973467758477511 0.9981427428847077 0.9991155919492505
0.9973467758477511 0.9981427430934258 0.9991155919492505
0.9973467758477511 0.9981427430934258 0.9991155919492505
0.9973467758477511 0.9981427430934258 0.9991155919492505
0.9973467758477511 0.9981427430934258 0.9991155919492505
0.9973467758477511 0.9981427430934258 0.9991155919492505
0.9973467758477511 0.9981427430934258 0.9991155919492505
0.9973467758477511 0.9981427430934258 0.9991155919492505
0.9973467758477511 0.9981427430934258 0.9991155919492505
0.9973467758477511 0.9981427430934258 0.9991155919492505
0.9973467758477511 0.9981427430934258 0.9991155919492505
0.9973467758477511 0.9981427430934258 0.9991155919492505
0.9973467758477511 0.9982311838486153 0.9995577954764041
0.9973467758477511 0.9982311838985009 0.9995577959746252
0.9973467758477511 0.9982311838985009 0.9995577959746252
0.9973467758477511 0.9982311838985009 0.9995577959746252
0.9973467758477511 0.9982754043010003 0.9995577959746252
0.9973467758477511 0.9982754043010382 0.9995577959746252
0.9973467758477511 0.9982754043010382 0.9995577959746252
0.9973467758477511 0.9983196245784175 0.9995577959746252
0.9973467758477511 0.9983196247035757 0.9995577959746252
0.9973467758477511 0.9983196247035757 0.9995577959746252
0.9973467758477511 0.9983196247035757 0.9995577959746252
0.9973467758477511 0.9983196247035757 0.9995577959746252
0.9973467758477511 0.9983196247035757 0.9995577959746252
0.9973467758477511 0.9983196247035757 0.9995577959746252
0.9973467758477511 0.9983638451056809 0.9995577959746252
0.9973467758477511 0.9983638451061131 0.9995577959746252
0.9973467758477511 0.9983638451061131 0.9995577959746252
0.9973467758477511 0.9983638451061131 0.9995577959746252
0.9973467758477511 0.9983638451061131 0.9995577959746252
0.9973467758477511 0.9984080654469576 0.9995577959746252
0.9973467758477511 0.9984080655086507 0.9995577959746252
0.9973467758477511 0.9984522807216359 0.9995577959746252
0.9973467758477511 0.9984522859111881 0.9995577959746252
0.9973467758477511 0.9984965063134853 0.9995577959746252
0.9973467758477511 0.9984965063137257 0.9995577959746252
0.9973467758477511 0.9984965063137257 0.9995577959746252
0.9973467758477511 0.9984965063137257 0.9995577959746252
0.9973467758477511 0.9985407267103916 0.9995577959746252
0.9973467758477511 0.9985407267162631 0.9995577959746252
0.9982311820699049 0.9986291673384786 0.9995577959746252
0.9982311838985009 0.9986291675213381 0.9995577959746252
0.9982311838985009 0.9986733878462429 0.9995577959746252
0.9982311838985009 0.9986733879238756 0.9995577959746252
0.9982311838985009 0.9986733879238756 0.9995577959746252
0.9982311838985009 0.9987176083095752 0.9995577959746252
0.9982311838985009 0.9987176083264131 0.9995577959746252
0.9982311838985009 0.9987176083264131 0.9995577959746252
0.9982311838985009 0.9987176083264131 0.9995577959746252
0.9982311838985009 0.9987176083264131 0.9995577959746252
0.9982311838985009 0.9987176083264131 0.9995577959746252
0.9982311838985009 0.9987176083264131 0.9995577959746252
0.9982311838985009 0.9987176083264131 0.9995577959746252
0.9982311838985009 0.9987176083264131 0.9995577959746252
0.9982311838985009 0.9987176083264131 0.9995577959746252
0.9982311838985009 0.9987176083264131 0.9995577959746252
0.9982311838985009 0.9987176083264131 0.9995577959746252
0.9982311838985009 0.9987618287255791 0.9995577959746252
0.9982311838985009 0.998850269527613 0.9995577959746252
0.9982311838985009 0.9988502695340256 0.9995577959746252
0.9982311838985009 0.9988502695340256 0.9995577959746252
0.9982311838985009 0.9988502695340256 0.9995577959746252
0.9982311838985009 0.9988502695340256 0.9995577959746252
0.9982311838985009 0.9988502695340256 0.9995577959746252
0.9982311838985009 0.9988944899152559 0.9995577959746252
0.9982311838985009 0.998938710336463 0.9995577959746252
0.9986733878887968 0.9990271510998786 0.9995577959746252
0.9986733879238755 0.9990271511441755 0.9995577959746252
0.9986733879238755 0.9990271511441755 0.9995577959746252
0.9986733879238755 0.9990271511441755 0.9995577959746252
0.9986733879238755 0.9990271511441755 0.9995577959746252
0.9986733879238755 0.9990271511441755 0.9995577959746252
0.9986733879238755 0.9990271511441755 0.9995577959746252
0.9986733879238755 0.9990271511441755 0.9995577959746252
0.9986733879238755 0.9990271511441755 0.9995577959746252
0.9986733879238755 0.9990271511441755 0.9995577959746252
0.9986733879238755 0.9990713715453113 0.9995577959746252
0.9986733879238755 0.9990713715467129 0.9995577959746252
0.9986733879238755 0.9990713715467129 0.9995577959746252
0.9986733879238755 0.9990713715467129 0.9995577959746252
0.9986733879238755 0.9990713715467129 0.9995577959746252
0.9986733879238755 0.9990713715467129 0.9995577959746252
0.9986733879238755 0.9990713715467129 0.9995577959746252
0.9986733879238755 0.9990713715467129 0.9995577959746252
0.9986733879238755 0.9990713715467129 0.9995577959746252
0.9986733879238755 0.999115591933859 0.9995577959746252
0.9986733879238755 0.9991155919492505 0.9995577959746252
0.9986733879238755 0.9991155919492505 0.9995577959746252
0.9986733879238755 0.9991155919492505 0.9995577959746252
0.9986733879238755 0.9991598123511405 0.9995577959746252
0.9986733879238755 0.9991598123517879 0.9995577959746252
0.9986733879238755 0.9991598123517879 0.9995577959746252
0.9986733879238755 0.9991598123517879 0.9995577959746252
0.9986733879238755 0.9991598123517879 0.9995577959746252
0.9986733879238755 0.9992040318633336 0.9995577959746252
0.9986733879238755 0.9992040327543255 0.9995577959746252
0.9986733879238755 0.9992040327543255 0.9995577959746252
0.9986733879238755 0.9992040327543255 0.9995577959746252
0.9986733879238755 0.9992040327543255 0.9995577959746252
0.9986733879238755 0.9992040327543255 0.9995577959746252
0.9986733879238755 0.9992040327543255 0.9995577959746252
0.9986733879238755 0.9992040327543255 0.9995577959746252
0.9986733879238755 0.9992040327543255 0.9995577959746252
0.9986733879238755 0.9992482531563404 0.9995577959746252
0.9986733879238755 0.9992482531568628 0.9995577959746252
0.9986733879238755 0.9992482531568628 0.9995577959746252
0.9986733879238755 0.9992482531568628 0.9995577959746252
0.9986733879238755 0.9992482531568628 0.9995577959746252
0.9986733879238755 0.9992482531568628 0.9995577959746252
0.9986733879238755 0.9992482531568628 0.9995577959746252
0.9986733879238755 0.9992482531568628 0.9995577959746252
0.9986733879238755 0.9992482531568628 0.9995577959746252
0.9986733879238755 0.9992482531568628 0.9995577959746252
0.9986733879238755 0.9992482531568628 0.9995577959746252
0.9986733879238755 0.9992482531568628 0.9995577959746252
0.9986733879238755 0.9992482531568628 0.9995577959746252
0.9986733879238755 0.999292473553038 0.9995577959746252
0.9986733879238755 0.9992924735594004 0.9995577959746252
0.9986733879238755 0.9992924735594004 0.9995577959746252
0.9986733879238755 0.9992924735594004 0.9995577959746252
0.9986733879238755 0.9993366934966883 0.9995577959746252
0.9986733879238755 0.9993366939619379 0.9995577959746252
0.9986733879238755 0.9993366939619379 0.9995577959746252
0.9986733879238755 0.9993809143638778 0.9999999999940244
0.9986733879238755 0.9993809143644754 1.0
0.9986733879238755 0.9993809143644754 1.0
0.9986733879238755 0.9993809143644754 1.0
0.9986733879238755 0.9993809143644754 1.0
0.9986733879238755 0.9993809143644754 1.0
0.9986733879238755 0.9993809143644754 1.0
0.9986733879238755 0.9993809143644754 1.0
0.9986733879238755 0.9993809143644754 1.0
0.9986733879238755 0.9993809143644754 1.0
0.9986733879238755 0.9993809143644754 1.0
0.9986733879238755 0.9993809143644754 1.0
0.9986733879238755 0.9993809143644754 1.0
0.9986733879238755 0.9993809143644754 1.0
0.9986733879238755 0.9993809143644754 1.0
0.9986733879238755 0.9993809143644754 1.0
0.9986733879238755 0.9993809143644754 1.0
0.9986733879238755 0.9993809143644754 1.0
0.9986733879238755 0.9993809143644754 1.0
0.9986733879238755 0.9993809143644754 1.0
0.9986733879238755 0.9993809143644754 1.0
0.9986733879238755 0.9993809143644754 1.0
0.9986733879238755 0.9993809143644754 1.0
0.9986733879238755 0.9993809143644754 1.0
0.9986733879238755 0.9993809143644754 1.0
0.9986733879238755 0.9993809143644754 1.0
0.9986733879238755 0.9993809143644754 1.0
0.9986733879238755 0.9993809143644754 1.0
0.9986733879238755 0.9993809143644754 1.0
0.9986733879238755 0.9993809143644754 1.0
0.9986733879238755 0.9993809143644754 1.0
0.9986733879238755 0.9993809143644754 1.0
0.9986733879238755 0.9993809143644754 1.0
0.9986733879238755 0.9993809143644754 1.0
0.9986733879238755 0.9993809143644754 1.0
0.9986733879238755 0.9993809143644754 1.0
0.9986733879238755 0.9993809143644754 1.0
0.9986733879238755 0.9993809143644754 1.0
0.9986733879238755 0.9993809143644754 1.0
0.9986733879238755 0.9993809143644754 1.0
0.9986733879238755 0.9993809143644754 1.0
0.9986733879238755 0.9994251347669907 1.0
0.9986733879238755 0.9994251347670128 1.0
0.9986733879238755 0.9994251347670128 1.0
0.9986733879238755 0.9994693551675713 1.0
0.9986733879238755 0.9994693551695504 1.0
0.9986733879238755 0.9994693551695504 1.0
0.9986733879238755 0.9995135755718868 1.0
0.9986733879238755 0.9995135755720878 1.0
0.9986733879238755 0.9995135755720878 1.0
0.9986733879238755 0.9995135755720878 1.0
0.9986733879238755 0.9995135755720878 1.0
0.9986733879238755 0.9995135755720878 1.0
0.9986733879238755 0.9995135755720878 1.0
0.9986733879238755 0.9995135755720878 1.0
0.9986733879238755 0.9995135755720878 1.0
0.9986733879238755 0.9995135755720878 1.0
0.9986733879238755 0.9995135755720878 1.0
0.9986733879238755 0.9995135755720878 1.0
0.9986733879238755 0.9995135755720878 1.0
0.9986733879238755 0.9995135755720878 1.0
0.9986733879238755 0.9995135755720878 1.0
0.9986733879238755 0.99955779594821 1.0
0.9986733879238755 0.9995577959746251 1.0
0.9986733879238755 0.9995577959746251 1.0
0.9986733879238755 0.9995577959746251 1.0
0.9986733879238755 0.9995577959746251 1.0
0.9986733879238755 0.9995577959746251 1.0
0.9986733879238755 0.9995577959746251 1.0
0.9986733879238755 0.9995577959746251 1.0
0.9986733879238755 0.9995577959746251 1.0
0.9986733879238755 0.9995577959746251 1.0
0.9986733879238755 0.9995577959746251 1.0
0.9986733879238755 0.9995577959746251 1.0
0.9986733879238755 0.9995577959746251 1.0
0.9986733879238755 0.9995577959746251 1.0
0.9986733879238755 0.999602016238842 1.0
0.9986733879238755 0.9996020163771627 1.0
0.9986733879238755 0.9996020163771627 1.0
0.9986733879238755 0.9996020163771627 1.0
0.9986733879238755 0.9996020163771627 1.0
0.9986733879238755 0.9996020163771627 1.0
0.9986733879238755 0.9996020163771627 1.0
0.9986733879238755 0.9996020163771627 1.0
0.9986733879238755 0.9996020163771627 1.0
0.9986733879238755 0.9996020163771627 1.0
0.9986733879238755 0.9996020163771627 1.0
0.9986733879238755 0.9996020163771627 1.0
0.9986733879238755 0.9996020163771627 1.0
0.9986733879238755 0.9996020163771627 1.0
0.9986733879238755 0.9996020163771627 1.0
0.9986733879238755 0.9996020163771627 1.0
0.9986733879238755 0.9996020163771627 1.0
0.9986733879238755 0.9996020163771627 1.0
0.9986733879238755 0.9996020163771627 1.0
0.9986733879238755 0.9996020163771627 1.0
0.9986733879238755 0.9996020163771627 1.0
0.9986733879238755 0.9996020163771627 1.0
0.9986733879238755 0.9996020163771627 1.0
0.9986733879238755 0.9996020163771627 1.0
0.9986733879238755 0.9996020163771627 1.0
0.9986733879238755 0.999646236774514 1.0
0.9986733879238755 0.9996462367797003 1.0
0.9986733879238755 0.9996462367797003 1.0
0.9986733879238755 0.9996462367797003 1.0
0.9986733879238755 0.9996904571634235 1.0
0.9986733879238755 0.9996904571822377 1.0
0.9986733879238755 0.9996904571822377 1.0
0.9986733879238755 0.9996904571822377 1.0
0.9986733879238755 0.9996904571822377 1.0
0.9986733879238755 0.9996904571822377 1.0
0.9986733879238755 0.9996904571822377 1.0
0.9986733879238755 0.9996904571822377 1.0
0.9986733879238755 0.9996904571822377 1.0
0.9986733879238755 0.9996904571822377 1.0
0.9986733879238755 0.9996904571822377 1.0
0.9986733879238755 0.9996904571822377 1.0
0.9986733879238755 0.9996904571822377 1.0
0.9986733879238755 0.9996904571822377 1.0
0.9986733879238755 0.9996904571822377 1.0
0.9986733879238755 0.9996904571822377 1.0
0.9986733879238755 0.9996904571822377 1.0
0.9986733879238755 0.9996904571822377 1.0
0.9986733879238755 0.9997346267553517 1.0
0.9986733879238755 0.9997346775847749 1.0
0.9986733879238755 0.9997346775847751 1.0
0.9986733879238755 0.9997346775847751 1.0
0.9986733879238755 0.9997346775847751 1.0
0.9986733879238755 0.9997346775847751 1.0
0.9991155917562392 0.9997788979680114 1.0
0.9991155919492505 0.9997788979873125 1.0
0.9991155919492505 0.9997788979873125 1.0
0.9991155919492505 0.9997788979873125 1.0
0.9991155919492505 0.9997788979873125 1.0
0.9991155919492505 0.9997788979873125 1.0
0.9991155919492505 0.9997788979873125 1.0
0.9991155919492505 0.9997788979873125 1.0
0.9991155919492505 0.9997788979873125 1.0
0.9991155919492505 0.9997788979873125 1.0
0.9991155919492505 0.9997788979873125 1.0
0.9991155919492505 0.9997788979873125 1.0
0.9991155919492505 0.9997788979873125 1.0
0.9991155919492505 0.9997788979873125 1.0
0.9991155919492505 0.9997788979873125 1.0
0.9991155919492505 0.9997788979873125 1.0
0.9991155919492505 0.9997788979873125 1.0
0.9991155919492505 0.9997788979873125 1.0
0.9991155919492505 0.9997788979873125 1.0
0.9991155919492505 0.9997788979873125 1.0
0.9991155919492505 0.9997788979873125 1.0
0.9991155919492505 0.9997788979873125 1.0
0.9991155919492505 0.9997788979873125 1.0
0.9991155919492505 0.9997788979873125 1.0
0.9991155919492505 0.9997788979873125 1.0
0.9991155919492505 0.9997788979873125 1.0
0.9991155919492505 0.9997788979873125 1.0
0.9991155919492505 0.9997788979873125 1.0
0.9991155919492505 0.9997788979873125 1.0
0.9991155919492505 0.9997788979873125 1.0
0.9991155919492505 0.9997788979873125 1.0
0.9991155919492505 0.9997788979873125 1.0
0.9991155919492505 0.9997788979873125 1.0
0.9991155919492505 0.9997788979873125 1.0
0.9991155919492505 0.9997788979873125 1.0
0.9991155919492505 0.9997788979873125 1.0
0.9991155919492505 0.9997788979873125 1.0
0.9991155919492505 0.9997788979873125 1.0
0.9991155919492505 0.9997788979873125 1.0
0.9991155919492505 0.9997788979873125 1.0
0.9991155919492505 0.9997788979873125 1.0
0.9991155919492505 0.9997788979873125 1.0
0.9991155919492505 0.9997788979873125 1.0
0.9991155919492505 0.9997788979873125 1.0
0.9991155919492505 0.9997788979873125 1.0
0.9991155919492505 0.9997788979873125 1.0
0.9991155919492505 0.9997788979873125 1.0
0.9991155919492505 0.9997788979873125 1.0
0.9991155919492505 0.9997788979873125 1.0
0.9991155919492505 0.9997788979873125 1.0
0.9991155919492505 0.9997788979873125 1.0
0.9991155919492505 0.9998231183569455 1.0
0.9991155919492505 0.99982311838985 1.0
0.9991155919492505 0.99982311838985 1.0
0.9991155919492505 0.99982311838985 1.0
0.9991155919492505 0.99982311838985 1.0
0.9991155919492505 0.99982311838985 1.0
0.9991155919492505 0.99982311838985 1.0
0.9991155919492505 0.99982311838985 1.0
0.9991155919492505 0.99982311838985 1.0
0.9991155919492505 0.99982311838985 1.0
0.9991155919492505 0.99982311838985 1.0
0.9991155919492505 0.99982311838985 1.0
0.9991155919492505 0.99982311838985 1.0
0.9991155919492505 0.99982311838985 1.0
0.9991155919492505 0.99982311838985 1.0
0.9991155919492505 0.99982311838985 1.0
0.9991155919492505 0.99982311838985 1.0
0.9991155919492505 0.99982311838985 1.0
0.9991155919492505 0.99982311838985 1.0
0.9991155919492505 0.99982311838985 1.0
0.9991155919492505 0.99982311838985 1.0
0.9991155919492505 0.9998673387904556 1.0
0.9991155919492505 0.9998673387923876 1.0
0.9991155919492505 0.9998673387923876 1.0
0.9991155919492505 0.9998673387923876 1.0
0.9991155919492505 0.9998673387923876 1.0
0.9995577955844094 0.9999115591559035 1.0
0.9995577959746252 0.999911559194925 1.0
0.9995577959746252 0.999911559194925 1.0
0.9995577959746252 0.999911559194925 1.0
0.9995577959746252 0.999911559194925 1.0
0.9995577959746252 0.999911559194925 1.0
0.9995577959746252 0.999911559194925 1.0
0.9995577959746252 0.999911559194925 1.0
0.9995577959746252 0.999911559194925 1.0
0.9995577959746252 0.999911559194925 1.0
0.9995577959746252 0.999911559194925 1.0
0.9995577959746252 0.999911559194925 1.0
0.9995577959746252 0.999911559194925 1.0
0.9995577959746252 0.999911559194925 1.0
0.9995577959746252 0.999911559194925 1.0
0.9995577959746252 0.999911559194925 1.0
0.9995577959746252 0.999911559194925 1.0
0.9995577959746252 0.999911559194925 1.0
0.9995577959746252 0.999911559194925 1.0
0.9995577959746252 0.999911559194925 1.0
0.9995577959746252 0.999911559194925 1.0
0.9995577959746252 0.999911559194925 1.0
0.9995577959746252 0.999911559194925 1.0
0.9995577959746252 0.999911559194925 1.0
0.9995577959746252 0.999911559194925 1.0
0.9995577959746252 0.999911559194925 1.0
0.9995577959746252 0.9999557775688264 1.0
0.9995577959746252 0.9999557795974624 1.0
0.9995577959746252 0.9999557795974624 1.0
0.9995577959746252 0.9999557795974624 1.0
0.9995577959746252 0.9999557795974624 1.0
0.9995577959746252 0.9999557795974624 1.0
0.9995577959746252 0.9999557795974624 1.0
0.9995577959746252 0.9999557795974624 1.0
0.9995577959746252 0.9999557795974624 1.0
0.9995577959746252 0.9999557795974624 1.0
0.9995577959746252 0.9999557795974624 1.0
0.9995577959746252 0.9999557795974624 1.0
0.9995577959746252 0.9999557795974624 1.0
0.9995577959746252 0.9999557795974624 1.0
0.9995577959746252 0.9999557795974624 1.0
0.9995577959746252 0.9999557795974624 1.0
0.9995577959746252 0.9999557795974624 1.0
0.9995577959746252 0.9999557795974624 1.0
0.9995577959746252 0.9999557795974624 1.0
0.9995577959746252 0.9999557795974624 1.0
0.9995577959746252 0.9999557795974624 1.0
0.9995577959746252 0.9999557795974624 1.0
0.9995577959746252 0.9999557795974624 1.0
0.9995577959746252 0.9999557795974624 1.0
0.9995577959746252 0.9999557795974624 1.0
0.9995577959746252 0.9999557795974624 1.0
0.9995577959746252 0.9999557795974624 1.0
0.9995577959746252 0.9999557795974624 1.0
0.9995577959746252 0.9999557795974624 1.0
0.9995577959746252 0.9999557795974624 1.0
0.9995577959746252 0.9999557795974624 1.0
0.9995577959746252 0.9999557795974624 1.0
0.9995577959746252 0.9999557795974624 1.0
0.9995577959746252 0.9999557795974624 1.0
0.9995577959746252 0.9999557795974624 1.0
0.9995577959746252 0.9999557795974624 1.0
0.9995577959746252 0.9999557795974624 1.0
0.9995577959746252 0.9999557795974624 1.0
0.9995577959746252 0.9999557795974624 1.0
0.9995577959746252 0.9999557795974624 1.0
0.9995577959746252 0.9999557795974624 1.0
0.9995577959746252 0.9999557795974624 1.0
0.9995577959746252 0.9999557795974624 1.0
0.9995577959746252 0.9999557795974624 1.0
0.9995577959746252 0.9999557795974624 1.0
0.9995577959746252 0.9999557795974624 1.0
0.9995577959746252 0.9999557795974624 1.0
0.9995577959746252 0.9999557795974624 1.0
0.9995577959746252 0.9999557795974624 1.0
0.9995577959746252 0.9999557795974624 1.0
0.9995577959746252 0.9999557795974624 1.0
0.9995577959746252 0.9999557795974624 1.0
0.9995577959746252 0.9999557795974624 1.0
0.9995577959746252 0.9999557795974624 1.0
0.9995577959746252 0.9999557795974624 1.0
0.9995577959746252 0.9999557795974624 1.0
0.9995577959746252 0.9999557795974624 1.0
0.9995577959746252 0.9999557795974624 1.0
0.9995577959746252 0.9999557795974624 1.0
0.9995577959746252 0.9999557795974624 1.0
0.9995577959746252 0.9999557795974624 1.0
0.9995577959746252 0.9999557795974624 1.0
0.9995577959746252 0.9999557795974624 1.0
0.9995577959746252 0.9999557795974624 1.0
0.9995577959746252 0.9999557795974624 1.0
0.9995577959746252 0.9999557795974624 1.0
0.9995577959746252 0.9999557795974624 1.0
0.9995577959746252 0.9999557795974624 1.0
0.9995577959746252 0.9999557795974624 1.0
0.9995577959746252 0.9999557795974624 1.0
0.9995577959746252 0.9999557795974624 1.0
0.9995577959746252 0.9999557795974624 1.0
0.9995577959746252 0.9999557795974624 1.0
0.9995577959746252 0.9999557795974624 1.0
0.9995577959746252 0.9999557795974624 1.0
0.9995577959746252 0.9999557795974624 1.0
0.9995577959746252 0.9999557795974624 1.0
0.9995577959746252 0.9999557795974624 1.0
0.9995577959746252 0.9999557795974624 1.0
0.9995577959746252 0.9999557795974624 1.0
0.9995577959746252 0.9999557795974624 1.0
0.9995577959746252 0.9999557795974624 1.0
0.9995577959746252 0.9999557795974624 1.0
0.9995577959746252 0.9999557795974624 1.0
0.9995577959746252 0.9999557795974624 1.0
0.9995577959746252 0.9999557795974624 1.0
0.9995577959746252 0.9999557795974624 1.0
0.9995577959746252 0.9999557795974624 1.0
0.9995577959746252 0.9999557795974624 1.0
0.9995577959746252 0.9999557795974624 1.0
0.9995577959746252 0.9999557795974624 1.0
0.9995577959746252 0.9999557795974624 1.0
0.9995577959746252 0.9999557795974624 1.0
0.9995577959746252 0.9999557795974624 1.0
0.9995577959746252 0.9999557795974624 1.0
0.9995577959746252 0.9999557795974624 1.0
0.9995577959746252 0.9999557795974624 1.0
0.9995577959746252 0.9999557795974624 1.0
0.9995577959746252 0.9999557795974624 1.0
0.9995577959746252 0.9999557795974624 1.0
0.9995577959746252 0.9999557795974624 1.0
0.9995577959746252 0.9999557795974624 1.0
0.9995577959746252 0.9999557795974624 1.0
0.9995577959746252 0.9999557795974624 1.0
0.9995577959746252 0.9999557795974624 1.0
0.9995577959746252 0.9999557795974624 1.0
0.9995577959746252 0.9999557795974624 1.0
0.9995577959746252 0.9999557795974624 1.0
0.9995577959746252 0.9999557795974624 1.0
0.9995577959746252 0.9999557795974624 1.0
0.9995577959746252 0.9999557795974624 1.0
0.9995577959746252 0.9999557795974624 1.0
0.9995577959746252 0.9999557795974624 1.0
0.9995577959746252 0.9999557795974624 1.0
0.9995577959746252 0.9999557795974624 1.0
0.9995577959746252 0.9999557795974624 1.0
0.9995577959746252 0.9999557795974624 1.0
0.9995577959746252 0.9999557795974624 1.0
0.9995577959746252 0.9999557795974624 1.0
0.9995577959746252 0.9999557795974624 1.0
0.9995577959746252 0.9999557795974624 1.0
0.9995577959746252 0.9999557795974624 1.0
0.9995577959746252 0.9999557795974624 1.0
0.9995577959746252 0.9999557795974624 1.0
0.9995577959746252 0.9999557795974624 1.0
0.9995577959746252 0.9999557795974624 1.0
0.9995577959746252 0.9999557795974624 1.0
0.9995577959746252 0.9999557795974624 1.0
0.9995577959746252 0.9999557795974624 1.0
0.9995577959746252 0.9999557795974624 1.0
0.9995577959746252 0.9999557795974624 1.0
0.9995577959746252 0.9999557795974624 1.0
0.9995577959746252 0.9999557795974624 1.0
0.9995577959746252 0.9999557795974624 1.0
0.9995577959746252 0.9999557795974624 1.0
0.9995577959746252 0.9999557795974624 1.0
0.9995577959746252 0.9999557795974624 1.0
0.9995577959746252 0.9999557795974624 1.0
0.9995577959746252 0.9999557795974624 1.0
0.9995577959746252 0.9999557795974624 1.0
0.9995577959746252 0.9999557795974624 1.0
0.9995577959746252 0.9999557795974624 1.0
0.9995577959746252 0.9999557795974624 1.0
0.9995577959746252 0.9999557795974624 1.0
0.9995577959746252 0.9999557795974624 1.0
0.9995577959746252 0.9999557795974624 1.0
0.9995577959746252 0.9999557795974624 1.0
0.9995577959746252 0.9999557795974624 1.0
0.9995577959746252 0.9999557795974624 1.0
0.9995577959746252 0.9999557795974624 1.0
0.9995577959746252 0.9999557795974624 1.0
0.9995577959746252 0.9999557795974624 1.0
0.9995577959746252 0.9999557795974624 1.0
0.9995577959746252 0.9999557795974624 1.0
0.9995577959746252 0.9999557795974624 1.0
0.9995577959746252 0.9999557795974624 1.0
0.9995577959746252 0.9999557795974624 1.0
0.9995577959746252 0.9999557795974624 1.0
0.9995577959746252 0.9999557795974624 1.0
0.9995577959746252 0.9999557795974624 1.0
0.9995577959746252 0.9999557795974624 1.0
0.9995577959746252 0.9999557795974624 1.0
0.9995577959746252 0.9999557795974624 1.0
0.9995577959746252 0.9999557795974624 1.0
0.9995577959746252 0.9999557795974624 1.0
0.9995577959746252 0.9999557795974624 1.0
0.9995577959746252 0.9999557795974624 1.0
0.9995577959746252 0.9999557795974624 1.0
0.9995577959746252 0.9999557795974624 1.0
0.9995577959746252 0.9999557795974624 1.0
0.9995577959746252 0.9999557795974624 1.0
0.9995577959746252 0.9999557795974624 1.0
0.9995577959746252 0.9999557795974624 1.0
0.9995577959746252 0.9999557795974624 1.0
0.9995577959746252 0.9999557795974624 1.0
0.9995577959746252 0.9999557795974624 1.0
0.9995577959746252 0.9999557795974624 1.0
0.9995577959746252 0.9999557795974624 1.0
0.9995577959746252 0.9999557795974624 1.0
0.9995577959746252 0.9999557795974624 1.0
0.9995577959746252 0.9999557795974624 1.0
0.9995577959746252 0.9999557795974624 1.0
0.9995577959746252 0.9999557795974624 1.0
0.9995577959746252 0.9999557795974624 1.0
0.9995577959746252 0.9999557795974624 1.0
0.9995577959746252 0.9999557795974624 1.0
0.9995577959746252 0.9999557795974624 1.0
0.9995577959746252 0.9999557795974624 1.0
0.9995577959746252 0.9999557795974624 1.0
0.9995577959746252 0.9999557795974624 1.0
0.9995577959746252 0.9999557795974624 1.0
0.9995577959746252 0.9999557795974624 1.0
0.9995577959746252 0.9999557795974624 1.0
0.9995577959746252 0.9999557795974624 1.0
0.9995577959746252 0.9999557795974624 1.0
0.9995577959746252 0.9999557795974624 1.0
0.9995577959746252 0.9999557795974624 1.0
0.9995577959746252 0.9999557795974624 1.0
0.9995577959746252 0.9999557795974624 1.0
0.9995577959746252 0.9999557795974624 1.0
0.9995577959746252 0.9999557795974624 1.0
0.9995577959746252 0.9999557795974624 1.0
0.9995577959746252 0.9999557795974624 1.0
0.9995577959746252 0.9999557795974624 1.0
0.9995577959746252 0.9999557795974624 1.0
0.9995577959746252 0.9999557795974624 1.0
0.9999999998040233 0.9999999999804023 1.0
1.0 1.0 1.0
1.0 1.0 1.0
1.0 1.0 1.0
1.0 1.0 1.0
1.0 1.0 1.0
1.0 1.0 1.0
1.0 1.0 1.0
1.0 1.0 1.0
1.0 1.0 1.0
1.0 1.0 1.0
1.0 1.0 1.0
1.0 1.0 1.0
1.0 1.0 1.0
1.0 1.0 1.0
1.0 1.0 1.0
1.0 1.0 1.0
1.0 1.0 1.0
1.0 1.0 1.0
1.0 1.0 1.0
1.0 1.0 1.0
1.0 1.0 1.0
1.0 1.0 1.0
1.0 1.0 1.0
1.0 1.0 1.0
1.0 1.0 1.0
1.0 1.0 1.0
1.0 1.0 1.0
1.0 1.0 1.0
1.0 1.0 1.0
1.0 1.0 1.0
1.0 1.0 1.0
1.0 1.0 1.0
1.0 1.0 1.0
1.0 1.0 1.0
1.0 1.0 1.0
1.0 1.0 1.0
1.0 1.0 1.0
1.0 1.0 1.0
1.0 1.0 1.0
1.0 1.0 1.0
1.0 1.0 1.0
1.0 1.0 1.0
1.0 1.0 1.0
1.0 1.0 1.0
1.0 1.0 1.0
1.0 1.0 1.0
1.0 1.0 1.0
1.0 1.0 1.0
1.0 1.0 1.0
1.0 1.0 1.0
1.0 1.0 1.0
1.0 1.0 1.0
1.0 1.0 1.0
1.0 1.0 1.0
1.0 1.0 1.0
1.0 1.0 1.0
1.0 1.0 1.0
1.0 1.0 1.0
1.0 1.0 1.0
1.0 1.0 1.0
1.0 1.0 1.0
1.0 1.0 1.0
1.0 1.0 1.0
1.0 1.0 1.0
1.0 1.0 1.0
1.0 1.0 1.0
1.0 1.0 1.0
1.0 1.0 1.0
1.0 1.0 1.0
1.0 1.0 1.0
1.0 1.0 1.0
1.0 1.0 1.0
1.0 1.0 1.0
1.0 1.0 1.0
1.0 1.0 1.0
1.0 1.0 1.0
1.0 1.0 1.0
1.0 1.0 1.0
1.0 1.0 1.0
1.0 1.0 1.0
1.0 1.0 1.0
1.0 1.0 1.0
1.0 1.0 1.0
1.0 1.0 1.0
1.0 1.0 1.0
1.0 1.0 1.0
1.0 1.0 1.0
1.0 1.0 1.0
1.0 1.0 1.0
1.0 1.0 1.0
1.0 1.0 1.0
1.0 1.0 1.0
1.0 1.0 1.0
1.0 1.0 1.0
1.0 1.0 1.0
1.0 1.0 1.0
1.0 1.0 1.0
1.0 1.0 1.0
1.0 1.0 1.0
1.0 1.0 1.0
1.0 1.0 1.0
1.0 1.0 1.0
1.0 1.0 1.0
1.0 1.0 1.0
1.0 1.0 1.0
1.0 1.0 1.0
1.0 1.0 1.0
1.0 1.0 1.0
1.0 1.0 1.0
1.0 1.0 1.0
1.0 1.0 1.0
1.0 1.0 1.0
1.0 1.0 1.0
1.0 1.0 1.0
1.0 1.0 1.0
1.0 1.0 1.0
1.0 1.0 1.0
1.0 1.0 1.0
1.0 1.0 1.0
1.0 1.0 1.0
1.0 1.0 1.0
1.0 1.0 1.0
1.0 1.0 1.0
1.0 1.0 1.0
1.0 1.0 1.0
1.0 1.0 1.0
1.0 1.0 1.0
1.0 1.0 1.0
1.0 1.0 1.0
1.0 1.0 1.0
1.0 1.0 1.0
1.0 1.0 1.0
1.0 1.0 1.0
1.0 1.0 1.0
1.0 1.0 1.0
1.0 1.0 1.0
1.0 1.0 1.0
1.0 1.0 1.0
1.0 1.0 1.0
1.0 1.0 1.0
1.0 1.0 1.0
1.0 1.0 1.0
1.0 1.0 1.0
1.0 1.0 1.0
1.0 1.0 1.0
1.0 1.0 1.0
1.0 1.0 1.0
1.0 1.0 1.0
1.0 1.0 1.0
1.0 1.0 1.0
1.0 1.0 1.0
1.0 1.0 1.0
1.0 1.0 1.0
1.0 1.0 1.0
1.0 1.0 1.0
1.0 1.0 1.0
1.0 1.0 1.0
1.0 1.0 1.0
1.0 1.0 1.0
1.0 1.0 1.0
1.0 1.0 1.0
1.0 1.0 1.0
1.0 1.0 1.0
1.0 1.0 1.0
1.0 1.0 1.0
1.0 1.0 1.0
1.0 1.0 1.0
1.0 1.0 1.0
1.0 1.0 1.0
1.0 1.0 1.0
1.0 1.0 1.0
1.0 1.0 1.0
1.0 1.0 1.0
1.0 1.0 1.0
1.0 1.0 1.0
1.0 1.0 1.0
1.0 1.0 1.0
1.0 1.0 1.0
1.0 1.0 1.0
1.0 1.0 1.0
1.0 1.0 1.0
1.0 1.0 1.0
1.0 1.0 1.0
1.0 1.0 1.0
1.0 1.0 1.0
1.0 1.0 1.0
1.0 1.0 1.0
1.0 1.0 1.0
1.0 1.0 1.0
1.0 1.0 1.0
1.0 1.0 1.0
1.0 1.0 1.0
1.0 1.0 1.0
1.0 1.0 1.0
1.0 1.0 1.0
1.0 1.0 1.0
1.0 1.0 1.0
1.0 1.0 1.0
1.0 1.0 1.0
1.0 1.0 1.0
1.0 1.0 1.0
1.0 1.0 1.0
1.0 1.0 1.0
1.0 1.0 1.0
1.0 1.0 1.0
1.0 1.0 1.0
1.0 1.0 1.0
1.0 1.0 1.0
1.0 1.0 1.0
1.0 1.0 1.0
1.0 1.0 1.0
1.0 1.0 1.0
1.0 1.0 1.0
1.0 1.0 1.0
1.0 1.0 1.0
1.0 1.0 1.0
1.0 1.0 1.0
1.0 1.0 1.0
1.0 1.0 1.0
1.0 1.0 1.0
1.0 1.0 1.0
1.0 1.0 1.0
1.0 1.0 1.0
1.0 1.0 1.0
1.0 1.0 1.0
1.0 1.0 1.0
1.0 1.0 1.0
1.0 1.0 1.0
1.0 1.0 1.0
1.0 1.0 1.0
1.0 1.0 1.0
1.0 1.0 1.0
1.0 1.0 1.0
1.0 1.0 1.0
1.0 1.0 1.0
1.0 1.0 1.0
1.0 1.0 1.0
1.0 1.0 1.0
1.0 1.0 1.0
1.0 1.0 1.0
1.0 1.0 1.0
1.0 1.0 1.0
1.0 1.0 1.0
1.0 1.0 1.0
1.0 1.0 1.0
1.0 1.0 1.0
1.0 1.0 1.0
1.0 1.0 1.0
1.0 1.0 1.0
1.0 1.0 1.0
1.0 1.0 1.0
1.0 1.0 1.0
1.0 1.0 1.0
1.0 1.0 1.0
1.0 1.0 1.0
1.0 1.0 1.0
1.0 1.0 1.0
1.0 1.0 1.0
1.0 1.0 1.0
1.0 1.0 1.0
1.0 1.0 1.0
1.0 1.0 1.0
1.0 1.0 1.0
1.0 1.0 1.0
1.0 1.0 1.0
1.0 1.0 1.0
1.0 1.0 1.0
1.0 1.0 1.0
1.0 1.0 1.0
1.0 1.0 1.0
1.0 1.0 1.0
1.0 1.0 1.0
1.0 1.0 1.0
1.0 1.0 1.0
1.0 1.0 1.0
1.0 1.0 1.0
1.0 1.0 1.0
1.0 1.0 1.0
1.0 1.0 1.0
1.0 1.0 1.0
1.0 1.0 1.0
1.0 1.0 1.0
1.0 1.0 1.0
1.0 1.0 1.0
1.0 1.0 1.0
1.0 1.0 1.0
1.0 1.0 1.0
1.0 1.0 1.0
1.0 1.0 1.0
1.0 1.0 1.0
1.0 1.0 1.0
1.0 1.0 1.0
1.0 1.0 1.0
1.0 1.0 1.0
1.0 1.0 1.0
1.0 1.0 1.0
1.0 1.0 1.0
1.0 1.0 1.0
1.0 1.0 1.0
1.0 1.0 1.0
1.0 1.0 1.0
1.0 1.0 1.0
1.0 1.0 1.0
1.0 1.0 1.0
1.0 1.0 1.0
1.0 1.0 1.0
1.0 1.0 1.0
1.0 1.0 1.0
1.0 1.0 1.0
1.0 1.0 1.0
1.0 1.0 1.0
1.0 1.0 1.0
1.0 1.0 1.0
1.0 1.0 1.0
1.0 1.0 1.0
1.0 1.0 1.0
1.0 1.0 1.0
1.0 1.0 1.0
1.0 1.0 1.0
1.0 1.0 1.0
1.0 1.0 1.0
1.0 1.0 1.0
1.0 1.0 1.0
1.0 1.0 1.0
1.0 1.0 1.0
1.0 1.0 1.0
1.0 1.0 1.0
1.0 1.0 1.0
1.0 1.0 1.0
1.0 1.0 1.0
1.0 1.0 1.0
1.0 1.0 1.0
1.0 1.0 1.0
1.0 1.0 1.0
1.0 1.0 1.0
1.0 1.0 1.0
1.0 1.0 1.0
1.0 1.0 1.0
1.0 1.0 1.0
1.0 1.0 1.0
1.0 1.0 1.0
1.0 1.0 1.0
1.0 1.0 1.0
1.0 1.0 1.0
1.0 1.0 1.0
1.0 1.0 1.0
1.0 1.0 1.0
1.0 1.0 1.0
1.0 1.0 1.0
1.0 1.0 1.0
1.0 1.0 1.0
1.0 1.0 1.0
1.0 1.0 1.0
1.0 1.0 1.0
1.0 1.0 1.0
1.0 1.0 1.0
1.0 1.0 1.0
1.0 1.0 1.0
1.0 1.0 1.0
1.0 1.0 1.0
1.0 1.0 1.0
1.0 1.0 1.0
1.0 1.0 1.0
1.0 1.0 1.0
1.0 1.0 1.0
1.0 1.0 1.0
1.0 1.0 1.0
1.0 1.0 1.0
1.0 1.0 1.0
1.0 1.0 1.0
1.0 1.0 1.0
1.0 1.0 1.0
1.0 1.0 1.0
1.0 1.0 1.0
1.0 1.0 1.0
1.0 1.0 1.0
1.0 1.0 1.0
1.0 1.0 1.0
1.0 1.0 1.0
1.0 1.0 1.0
1.0 1.0 1.0
1.0 1.0 1.0
1.0 1.0 1.0
1.0 1.0 1.0
1.0 1.0 1.0
1.0 1.0 1.0
1.0 1.0 1.0
1.0 1.0 1.0
1.0 1.0 1.0
1.0 1.0 1.0
1.0 1.0 1.0
1.0 1.0 1.0
1.0 1.0 1.0
1.0 1.0 1.0
1.0 1.0 1.0
1.0 1.0 1.0
1.0 1.0 1.0
1.0 1.0 1.0
1.0 1.0 1.0
1.0 1.0 1.0
1.0 1.0 1.0
1.0 1.0 1.0
1.0 1.0 1.0
1.0 1.0 1.0
1.0 1.0 1.0
1.0 1.0 1.0
1.0 1.0 1.0
1.0 1.0 1.0
1.0 1.0 1.0
1.0 1.0 1.0
1.0 1.0 1.0
1.0 1.0 1.0
1.0 1.0 1.0
1.0 1.0 1.0
1.0 1.0 1.0
1.0 1.0 1.0
1.0 1.0 1.0
1.0 1.0 1.0
1.0 1.0 1.0
1.0 1.0 1.0
1.0 1.0 1.0
1.0 1.0 1.0
1.0 1.0 1.0
1.0 1.0 1.0
1.0 1.0 1.0
1.0 1.0 1.0
1.0 1.0 1.0
1.0 1.0 1.0
1.0 1.0 1.0
1.0 1.0 1.0
1.0 1.0 1.0
1.0 1.0 1.0
1.0 1.0 1.0
1.0 1.0 1.0
1.0 1.0 1.0
1.0 1.0 1.0
1.0 1.0 1.0
1.0 1.0 1.0
1.0 1.0 1.0
1.0 1.0 1.0
1.0 1.0 1.0
1.0 1.0 1.0
1.0 1.0 1.0
1.0 1.0 1.0
1.0 1.0 1.0
1.0 1.0 1.0
1.0 1.0 1.0
1.0 1.0 1.0
1.0 1.0 1.0
1.0 1.0 1.0
1.0 1.0 1.0
1.0 1.0 1.0
1.0 1.0 1.0
1.0 1.0 1.0
1.0 1.0 1.0
1.0 1.0 1.0
1.0 1.0 1.0
1.0 1.0 1.0
1.0 1.0 1.0
1.0 1.0 1.0
1.0 1.0 1.0
1.0 1.0 1.0
1.0 1.0 1.0
1.0 1.0 1.0
1.0 1.0 1.0
1.0 1.0 1.0
1.0 1.0 1.0
1.0 1.0 1.0
1.0 1.0 1.0
1.0 1.0 1.0
1.0 1.0 1.0
1.0 1.0 1.0
1.0 1.0 1.0
1.0 1.0 1.0
1.0 1.0 1.0
1.0 1.0 1.0
1.0 1.0 1.0
1.0 1.0 1.0
1.0 1.0 1.0
1.0 1.0 1.0
1.0 1.0 1.0
1.0 1.0 1.0
1.0 1.0 1.0
1.0 1.0 1.0
1.0 1.0 1.0
1.0 1.0 1.0
1.0 1.0 1.0
1.0 1.0 1.0
1.0 1.0 1.0
1.0 1.0 1.0
1.0 1.0 1.0
1.0 1.0 1.0
1.0 1.0 1.0
1.0 1.0 1.0
1.0 1.0 1.0
1.0 1.0 1.0
1.0 1.0 1.0
1.0 1.0 1.0
1.0 1.0 1.0
1.0 1.0 1.0
1.0 1.0 1.0
1.0 1.0 1.0
1.0 1.0 1.0
1.0 1.0 1.0
1.0 1.0 1.0
1.0 1.0 1.0
1.0 1.0 1.0
1.0 1.0 1.0
1.0 1.0 1.0
1.0 1.0 1.0
1.0 1.0 1.0
1.0 1.0 1.0
1.0 1.0 1.0
1.0 1.0 1.0
1.0 1.0 1.0
1.0 1.0 1.0
1.0 1.0 1.0
1.0 1.0 1.0
1.0 1.0 1.0
1.0 1.0 1.0
1.0 1.0 1.0
1.0 1.0 1.0
1.0 1.0 1.0
1.0 1.0 1.0
1.0 1.0 1.0
1.0 1.0 1.0
1.0 1.0 1.0
1.0 1.0 1.0
1.0 1.0 1.0
1.0 1.0 1.0
1.0 1.0 1.0
1.0 1.0 1.0
1.0 1.0 1.0
1.0 1.0 1.0
1.0 1.0 1.0
1.0 1.0 1.0
1.0 1.0 1.0
1.0 1.0 1.0
1.0 1.0 1.0
1.0 1.0 1.0
1.0 1.0 1.0
1.0 1.0 1.0
1.0 1.0 1.0
1.0 1.0 1.0
1.0 1.0 1.0
1.0 1.0 1.0
1.0 1.0 1.0
1.0 1.0 1.0
1.0 1.0 1.0
1.0 1.0 1.0
1.0 1.0 1.0
1.0 1.0 1.0
1.0 1.0 1.0
1.0 1.0 1.0
1.0 1.0 1.0
1.0 1.0 1.0
1.0 1.0 1.0
1.0 1.0 1.0
1.0 1.0 1.0
1.0 1.0 1.0
1.0 1.0 1.0
1.0 1.0 1.0
1.0 1.0 1.0
1.0 1.0 1.0
1.0 1.0 1.0
1.0 1.0 1.0
1.0 1.0 1.0
1.0 1.0 1.0
1.0 1.0 1.0
1.0 1.0 1.0
1.0 1.0 1.0
1.0 1.0 1.0
1.0 1.0 1.0
1.0 1.0 1.0
1.0 1.0 1.0
1.0 1.0 1.0
1.0 1.0 1.0
1.0 1.0 1.0
1.0 1.0 1.0
1.0 1.0 1.0
1.0 1.0 1.0
1.0 1.0 1.0
1.0 1.0 1.0
1.0 1.0 1.0
1.0 1.0 1.0
1.0 1.0 1.0
1.0 1.0 1.0
1.0 1.0 1.0
1.0 1.0 1.0
1.0 1.0 1.0
1.0 1.0 1.0
1.0 1.0 1.0
1.0 1.0 1.0
1.0 1.0 1.0
1.0 1.0 1.0
1.0 1.0 1.0
1.0 1.0 1.0
1.0 1.0 1.0
1.0 1.0 1.0
1.0 1.0 1.0
1.0 1.0 1.0
1.0 1.0 1.0
1.0 1.0 1.0
1.0 1.0 1.0
1.0 1.0 1.0
1.0 1.0 1.0
1.0 1.0 1.0
1.0 1.0 1.0
1.0 1.0 1.0
1.0 1.0 1.0
1.0 1.0 1.0
1.0 1.0 1.0
1.0 1.0 1.0
1.0 1.0 1.0
1.0 1.0 1.0
1.0 1.0 1.0
1.0 1.0 1.0
1.0 1.0 1.0
1.0 1.0 1.0
1.0 1.0 1.0
1.0 1.0 1.0
1.0 1.0 1.0
1.0 1.0 1.0
1.0 1.0 1.0
1.0 1.0 1.0
1.0 1.0 1.0
1.0 1.0 1.0
1.0 1.0 1.0
1.0 1.0 1.0
1.0 1.0 1.0
1.0 1.0 1.0
1.0 1.0 1.0
1.0 1.0 1.0
1.0 1.0 1.0
1.0 1.0 1.0
1.0 1.0 1.0
1.0 1.0 1.0
1.0 1.0 1.0
1.0 1.0 1.0
1.0 1.0 1.0
1.0 1.0 1.0
1.0 1.0 1.0
1.0 1.0 1.0
1.0 1.0 1.0
1.0 1.0 1.0
1.0 1.0 1.0
1.0 1.0 1.0
1.0 1.0 1.0
1.0 1.0 1.0
1.0 1.0 1.0
1.0 1.0 1.0
1.0 1.0 1.0
1.0 1.0 1.0
1.0 1.0 1.0
1.0 1.0 1.0
1.0 1.0 1.0
1.0 1.0 1.0
1.0 1.0 1.0
1.0 1.0 1.0
1.0 1.0 1.0
1.0 1.0 1.0
1.0 1.0 1.0
1.0 1.0 1.0
1.0 1.0 1.0
1.0 1.0 1.0
1.0 1.0 1.0
1.0 1.0 1.0
1.0 1.0 1.0
1.0 1.0 1.0
1.0 1.0 1.0
1.0 1.0 1.0
1.0 1.0 1.0
1.0 1.0 1.0
1.0 1.0 1.0
1.0 1.0 1.0
1.0 1.0 1.0
1.0 1.0 1.0
1.0 1.0 1.0
1.0 1.0 1.0
1.0 1.0 1.0
1.0 1.0 1.0
1.0 1.0 1.0
1.0 1.0 1.0
1.0 1.0 1.0
1.0 1.0 1.0
1.0 1.0 1.0
1.0 1.0 1.0
1.0 1.0 1.0
1.0 1.0 1.0
1.0 1.0 1.0
1.0 1.0 1.0
1.0 1.0 1.0
1.0 1.0 1.0
1.0 1.0 1.0
1.0 1.0 1.0
1.0 1.0 1.0
1.0 1.0 1.0
1.0 1.0 1.0
1.0 1.0 1.0
1.0 1.0 1.0
1.0 1.0 1.0
1.0 1.0 1.0
1.0 1.0 1.0
1.0 1.0 1.0
1.0 1.0 1.0
1.0 1.0 1.0
1.0 1.0 1.0
1.0 1.0 1.0
1.0 1.0 1.0
1.0 1.0 1.0
1.0 1.0 1.0
1.0 1.0 1.0
1.0 1.0 1.0
1.0 1.0 1.0
1.0 1.0 1.0
1.0 1.0 1.0
1.0 1.0 1.0
1.0 1.0 1.0
1.0 1.0 1.0
1.0 1.0 1.0
1.0 1.0 1.0
1.0 1.0 1.0
1.0 1.0 1.0
1.0 1.0 1.0
1.0 1.0 1.0
1.0 1.0 1.0
1.0 1.0 1.0
1.0 1.0 1.0
1.0 1.0 1.0
1.0 1.0 1.0
1.0 1.0 1.0
1.0 1.0 1.0
1.0 1.0 1.0
1.0 1.0 1.0
1.0 1.0 1.0
1.0 1.0 1.0
1.0 1.0 1.0
1.0 1.0 1.0
1.0 1.0 1.0
1.0 1.0 1.0
1.0 1.0 1.0
1.0 1.0 1.0
1.0 1.0 1.0
1.0 1.0 1.0
1.0 1.0 1.0
1.0 1.0 1.0
1.0 1.0 1.0
1.0 1.0 1.0
1.0 1.0 1.0
1.0 1.0 1.0
1.0 1.0 1.0
1.0 1.0 1.0
1.0 1.0 1.0
1.0 1.0 1.0
1.0 1.0 1.0
1.0 1.0 1.0
1.0 1.0 1.0
1.0 1.0 1.0
1.0 1.0 1.0
1.0 1.0 1.0
1.0 1.0 1.0
1.0 1.0 1.0
1.0 1.0 1.0
1.0 1.0 1.0
1.0 1.0 1.0
1.0 1.0 1.0
1.0 1.0 1.0
1.0 1.0 1.0
1.0 1.0 1.0
1.0 1.0 1.0
1.0 1.0 1.0
1.0 1.0 1.0
1.0 1.0 1.0
1.0 1.0 1.0
1.0 1.0 1.0
1.0 1.0 1.0
1.0 1.0 1.0
1.0 1.0 1.0
1.0 1.0 1.0
1.0 1.0 1.0
1.0 1.0 1.0
1.0 1.0 1.0
1.0 1.0 1.0
1.0 1.0 1.0
1.0 1.0 1.0
1.0 1.0 1.0
1.0 1.0 1.0
1.0 1.0 1.0
1.0 1.0 1.0
1.0 1.0 1.0
1.0 1.0 1.0
1.0 1.0 1.0
1.0 1.0 1.0
1.0 1.0 1.0
1.0 1.0 1.0
1.0 1.0 1.0
1.0 1.0 1.0
1.0 1.0 1.0
1.0 1.0 1.0
1.0 1.0 1.0
1.0 1.0 1.0
1.0 1.0 1.0
1.0 1.0 1.0
1.0 1.0 1.0
1.0 1.0 1.0
1.0 1.0 1.0
1.0 1.0 1.0
1.0 1.0 1.0
1.0 1.0 1.0
1.0 1.0 1.0
1.0 1.0 1.0
1.0 1.0 1.0
1.0 1.0 1.0
1.0 1.0 1.0
1.0 1.0 1.0
1.0 1.0 1.0
1.0 1.0 1.0
1.0 1.0 1.0
1.0 1.0 1.0
1.0 1.0 1.0
1.0 1.0 1.0
1.0 1.0 1.0
1.0 1.0 1.0
1.0 1.0 1.0
1.0 1.0 1.0
1.0 1.0 1.0
1.0 1.0 1.0
1.0 1.0 1.0
1.0 1.0 1.0
1.0 1.0 1.0
1.0 1.0 1.0
1.0 1.0 1.0
1.0 1.0 1.0
1.0 1.0 1.0
1.0 1.0 1.0
1.0 1.0 1.0
1.0 1.0 1.0
1.0 1.0 1.0
1.0 1.0 1.0
1.0 1.0 1.0
1.0 1.0 1.0
1.0 1.0 1.0
1.0 1.0 1.0
1.0 1.0 1.0
1.0 1.0 1.0
1.0 1.0 1.0
1.0 1.0 1.0
1.0 1.0 1.0
1.0 1.0 1.0
1.0 1.0 1.0
1.0 1.0 1.0
1.0 1.0 1.0
1.0 1.0 1.0
1.0 1.0 1.0
1.0 1.0 1.0
1.0 1.0 1.0
1.0 1.0 1.0
1.0 1.0 1.0
1.0 1.0 1.0
1.0 1.0 1.0
1.0 1.0 1.0
1.0 1.0 1.0
1.0 1.0 1.0
1.0 1.0 1.0
1.0 1.0 1.0
1.0 1.0 1.0
1.0 1.0 1.0
1.0 1.0 1.0
1.0 1.0 1.0
1.0 1.0 1.0
1.0 1.0 1.0
1.0 1.0 1.0
1.0 1.0 1.0
1.0 1.0 1.0
1.0 1.0 1.0
1.0 1.0 1.0
1.0 1.0 1.0
1.0 1.0 1.0
1.0 1.0 1.0
1.0 1.0 1.0
1.0 1.0 1.0
1.0 1.0 1.0
1.0 1.0 1.0
1.0 1.0 1.0
1.0 1.0 1.0
1.0 1.0 1.0
1.0 1.0 1.0
1.0 1.0 1.0
1.0 1.0 1.0
1.0 1.0 1.0
1.0 1.0 1.0
1.0 1.0 1.0
1.0 1.0 1.0
1.0 1.0 1.0
1.0 1.0 1.0
1.0 1.0 1.0
1.0 1.0 1.0
1.0 1.0 1.0
1.0 1.0 1.0
1.0 1.0 1.0
1.0 1.0 1.0
1.0 1.0 1.0
1.0 1.0 1.0
1.0 1.0 1.0
1.0 1.0 1.0
1.0 1.0 1.0
1.0 1.0 1.0
1.0 1.0 1.0
1.0 1.0 1.0
1.0 1.0 1.0
1.0 1.0 1.0
1.0 1.0 1.0
1.0 1.0 1.0
1.0 1.0 1.0
1.0 1.0 1.0
1.0 1.0 1.0
1.0 1.0 1.0
1.0 1.0 1.0
1.0 1.0 1.0
1.0 1.0 1.0
1.0 1.0 1.0
1.0 1.0 1.0
1.0 1.0 1.0
1.0 1.0 1.0
1.0 1.0 1.0
1.0 1.0 1.0
1.0 1.0 1.0
1.0 1.0 1.0
1.0 1.0 1.0
1.0 1.0 1.0
1.0 1.0 1.0
1.0 1.0 1.0
1.0 1.0 1.0
1.0 1.0 1.0
1.0 1.0 1.0
1.0 1.0 1.0
1.0 1.0 1.0
1.0 1.0 1.0
1.0 1.0 1.0
1.0 1.0 1.0
1.0 1.0 1.0
1.0 1.0 1.0
1.0 1.0 1.0
1.0 1.0 1.0
1.0 1.0 1.0
1.0 1.0 1.0
1.0 1.0 1.0
1.0 1.0 1.0
1.0 1.0 1.0
1.0 1.0 1.0
1.0 1.0 1.0
1.0 1.0 1.0
1.0 1.0 1.0
1.0 1.0 1.0
1.0 1.0 1.0
1.0 1.0 1.0
1.0 1.0 1.0
1.0 1.0 1.0
1.0 1.0 1.0
1.0 1.0 1.0
1.0 1.0 1.0
1.0 1.0 1.0
1.0 1.0 1.0
1.0 1.0 1.0
1.0 1.0 1.0
1.0 1.0 1.0
1.0 1.0 1.0
1.0 1.0 1.0
1.0 1.0 1.0
1.0 1.0 1.0
1.0 1.0 1.0
1.0 1.0 1.0
1.0 1.0 1.0
1.0 1.0 1.0
1.0 1.0 1.0
1.0 1.0 1.0
1.0 1.0 1.0
1.0 1.0 1.0
1.0 1.0 1.0
1.0 1.0 1.0
1.0 1.0 1.0
1.0 1.0 1.0
1.0 1.0 1.0
1.0 1.0 1.0
1.0 1.0 1.0
1.0 1.0 1.0
1.0 1.0 1.0
1.0 1.0 1.0
1.0 1.0 1.0
1.0 1.0 1.0
1.0 1.0 1.0
1.0 1.0 1.0
1.0 1.0 1.0
1.0 1.0 1.0
1.0 1.0 1.0
1.0 1.0 1.0
1.0 1.0 1.0
1.0 1.0 1.0
1.0 1.0 1.0
1.0 1.0 1.0
1.0 1.0 1.0
1.0 1.0 1.0
1.0 1.0 1.0
1.0 1.0 1.0
1.0 1.0 1.0
1.0 1.0 1.0
1.0 1.0 1.0
1.0 1.0 1.0
1.0 1.0 1.0
1.0 1.0 1.0
1.0 1.0 1.0
1.0 1.0 1.0
1.0 1.0 1.0
1.0 1.0 1.0
1.0 1.0 1.0
1.0 1.0 1.0
1.0 1.0 1.0
1.0 1.0 1.0
1.0 1.0 1.0
1.0 1.0 1.0
1.0 1.0 1.0
1.0 1.0 1.0
1.0 1.0 1.0
1.0 1.0 1.0
1.0 1.0 1.0
1.0 1.0 1.0
1.0 1.0 1.0
1.0 1.0 1.0
1.0 1.0 1.0
1.0 1.0 1.0
1.0 1.0 1.0
1.0 1.0 1.0
1.0 1.0 1.0
1.0 1.0 1.0
1.0 1.0 1.0
1.0 1.0 1.0
1.0 1.0 1.0
1.0 1.0 1.0
1.0 1.0 1.0
1.0 1.0 1.0
1.0 1.0 1.0
1.0 1.0 1.0
1.0 1.0 1.0
1.0 1.0 1.0
1.0 1.0 1.0
1.0 1.0 1.0
1.0 1.0 1.0
1.0 1.0 1.0
1.0 1.0 1.0
1.0 1.0 1.0
1.0 1.0 1.0
1.0 1.0 1.0
1.0 1.0 1.0
1.0 1.0 1.0
1.0 1.0 1.0
1.0 1.0 1.0
1.0 1.0 1.0
1.0 1.0 1.0
1.0 1.0 1.0
1.0 1.0 1.0
1.0 1.0 1.0
1.0 1.0 1.0
1.0 1.0 1.0
1.0 1.0 1.0
1.0 1.0 1.0
1.0 1.0 1.0
1.0 1.0 1.0
1.0 1.0 1.0
1.0 1.0 1.0
1.0 1.0 1.0
1.0 1.0 1.0
1.0 1.0 1.0
1.0 1.0 1.0
1.0 1.0 1.0
1.0 1.0 1.0
1.0 1.0 1.0
1.0 1.0 1.0
1.0 1.0 1.0
1.0 1.0 1.0
1.0 1.0 1.0
1.0 1.0 1.0
1.0 1.0 1.0
1.0 1.0 1.0
1.0 1.0 1.0
1.0 1.0 1.0
1.0 1.0 1.0
1.0 1.0 1.0
1.0 1.0 1.0
1.0 1.0 1.0
1.0 1.0 1.0
1.0 1.0 1.0
1.0 1.0 1.0
1.0 1.0 1.0
1.0 1.0 1.0
1.0 1.0 1.0
1.0 1.0 1.0
1.0 1.0 1.0
1.0 1.0 1.0
1.0 1.0 1.0
1.0 1.0 1.0
1.0 1.0 1.0
1.0 1.0 1.0
1.0 1.0 1.0
1.0 1.0 1.0
1.0 1.0 1.0
1.0 1.0 1.0
1.0 1.0 1.0
1.0 1.0 1.0
1.0 1.0 1.0
1.0 1.0 1.0
1.0 1.0 1.0
1.0 1.0 1.0
1.0 1.0 1.0
1.0 1.0 1.0
1.0 1.0 1.0
1.0 1.0 1.0
1.0 1.0 1.0
1.0 1.0 1.0
1.0 1.0 1.0
1.0 1.0 1.0
1.0 1.0 1.0
1.0 1.0 1.0
1.0 1.0 1.0
1.0 1.0 1.0
1.0 1.0 1.0
1.0 1.0 1.0
1.0 1.0 1.0
1.0 1.0 1.0
1.0 1.0 1.0
1.0 1.0 1.0
1.0 1.0 1.0
1.0 1.0 1.0
1.0 1.0 1.0
1.0 1.0 1.0
1.0 1.0 1.0
1.0 1.0 1.0
1.0 1.0 1.0
1.0 1.0 1.0
1.0 1.0 1.0
1.0 1.0 1.0
1.0 1.0 1.0
1.0 1.0 1.0
1.0 1.0 1.0
1.0 1.0 1.0
1.0 1.0 1.0
1.0 1.0 1.0
1.0 1.0 1.0
1.0 1.0 1.0
1.0 1.0 1.0
1.0 1.0 1.0
1.0 1.0 1.0
1.0 1.0 1.0
1.0 1.0 1.0
1.0 1.0 1.0
1.0 1.0 1.0
1.0 1.0 1.0
1.0 1.0 1.0
1.0 1.0 1.0
1.0 1.0 1.0
1.0 1.0 1.0
1.0 1.0 1.0
1.0 1.0 1.0
1.0 1.0 1.0
1.0 1.0 1.0
1.0 1.0 1.0
1.0 1.0 1.0
1.0 1.0 1.0
1.0 1.0 1.0
1.0 1.0 1.0
1.0 1.0 1.0
1.0 1.0 1.0
1.0 1.0 1.0
1.0 1.0 1.0
1.0 1.0 1.0
1.0 1.0 1.0
1.0 1.0 1.0
1.0 1.0 1.0
1.0 1.0 1.0
1.0 1.0 1.0
1.0 1.0 1.0
1.0 1.0 1.0
1.0 1.0 1.0
1.0 1.0 1.0
1.0 1.0 1.0
1.0 1.0 1.0
1.0 1.0 1.0
1.0 1.0 1.0
1.0 1.0 1.0
1.0 1.0 1.0
1.0 1.0 1.0
1.0 1.0 1.0
1.0 1.0 1.0
1.0 1.0 1.0
1.0 1.0 1.0
1.0 1.0 1.0
1.0 1.0 1.0
1.0 1.0 1.0
1.0 1.0 1.0
1.0 1.0 1.0
1.0 1.0 1.0
1.0 1.0 1.0
1.0 1.0 1.0
1.0 1.0 1.0
1.0 1.0 1.0
1.0 1.0 1.0
1.0 1.0 1.0
1.0 1.0 1.0
1.0 1.0 1.0
1.0 1.0 1.0
1.0 1.0 1.0
1.0 1.0 1.0
1.0 1.0 1.0
1.0 1.0 1.0
1.0 1.0 1.0
1.0 1.0 1.0
1.0 1.0 1.0
1.0 1.0 1.0
1.0 1.0 1.0
1.0 1.0 1.0
1.0 1.0 1.0
1.0 1.0 1.0
1.0 1.0 1.0
1.0 1.0 1.0
1.0 1.0 1.0
1.0 1.0 1.0
1.0 1.0 1.0
1.0 1.0 1.0
1.0 1.0 1.0
1.0 1.0 1.0
1.0 1.0 1.0
1.0 1.0 1.0
1.0 1.0 1.0
1.0 1.0 1.0
1.0 1.0 1.0
1.0 1.0 1.0
1.0 1.0 1.0
1.0 1.0 1.0
1.0 1.0 1.0
1.0 1.0 1.0
1.0 1.0 1.0
1.0 1.0 1.0
1.0 1.0 1.0
1.0 1.0 1.0
1.0 1.0 1.0
1.0 1.0 1.0
1.0 1.0 1.0
1.0 1.0 1.0
1.0 1.0 1.0
1.0 1.0 1.0
1.0 1.0 1.0
1.0 1.0 1.0
1.0 1.0 1.0
1.0 1.0 1.0
1.0 1.0 1.0
1.0 1.0 1.0
1.0 1.0 1.0
1.0 1.0 1.0
1.0 1.0 1.0
1.0 1.0 1.0
1.0 1.0 1.0
1.0 1.0 1.0
1.0 1.0 1.0
1.0 1.0 1.0
1.0 1.0 1.0
1.0 1.0 1.0
1.0 1.0 1.0
1.0 1.0 1.0
1.0 1.0 1.0
1.0 1.0 1.0
1.0 1.0 1.0
1.0 1.0 1.0
1.0 1.0 1.0
1.0 1.0 1.0
1.0 1.0 1.0
1.0 1.0 1.0
1.0 1.0 1.0
1.0 1.0 1.0
1.0 1.0 1.0
1.0 1.0 1.0
1.0 1.0 1.0
1.0 1.0 1.0
1.0 1.0 1.0
1.0 1.0 1.0
1.0 1.0 1.0
1.0 1.0 1.0
1.0 1.0 1.0
1.0 1.0 1.0
1.0 1.0 1.0
1.0 1.0 1.0
1.0 1.0 1.0
1.0 1.0 1.0
1.0 1.0 1.0
1.0 1.0 1.0
1.0 1.0 1.0
1.0 1.0 1.0
1.0 1.0 1.0
1.0 1.0 1.0
1.0 1.0 1.0
1.0 1.0 1.0
1.0 1.0 1.0
1.0 1.0 1.0
1.0 1.0 1.0
1.0 1.0 1.0
1.0 1.0 1.0
1.0 1.0 1.0
1.0 1.0 1.0
1.0 1.0 1.0
1.0 1.0 1.0
1.0 1.0 1.0
1.0 1.0 1.0
1.0 1.0 1.0
1.0 1.0 1.0
1.0 1.0 1.0
1.0 1.0 1.0
1.0 1.0 1.0
1.0 1.0 1.0
1.0 1.0 1.0
1.0 1.0 1.0
1.0 1.0 1.0
1.0 1.0 1.0
1.0 1.0 1.0
1.0 1.0 1.0
1.0 1.0 1.0
1.0 1.0 1.0
1.0 1.0 1.0
1.0 1.0 1.0
1.0 1.0 1.0
1.0 1.0 1.0
1.0 1.0 1.0
1.0 1.0 1.0
1.0 1.0 1.0
1.0 1.0 1.0
1.0 1.0 1.0
1.0 1.0 1.0
1.0 1.0 1.0
1.0 1.0 1.0
1.0 1.0 1.0
1.0 1.0 1.0
1.0 1.0 1.0
1.0 1.0 1.0
1.0 1.0 1.0
1.0 1.0 1.0
1.0 1.0 1.0
1.0 1.0 1.0
1.0 1.0 1.0
1.0 1.0 1.0
1.0 1.0 1.0
1.0 1.0 1.0
1.0 1.0 1.0
1.0 1.0 1.0
1.0 1.0 1.0
1.0 1.0 1.0
1.0 1.0 1.0
1.0 1.0 1.0
1.0 1.0 1.0
1.0 1.0 1.0
1.0 1.0 1.0
1.0 1.0 1.0
1.0 1.0 1.0
1.0 1.0 1.0
1.0 1.0 1.0
1.0 1.0 1.0
1.0 1.0 1.0
1.0 1.0 1.0
1.0 1.0 1.0
1.0 1.0 1.0
1.0 1.0 1.0
1.0 1.0 1.0
1.0 1.0 1.0
1.0 1.0 1.0
1.0 1.0 1.0
1.0 1.0 1.0
1.0 1.0 1.0
1.0 1.0 1.0
1.0 1.0 1.0
1.0 1.0 1.0
1.0 1.0 1.0
1.0 1.0 1.0
1.0 1.0 1.0
1.0 1.0 1.0
1.0 1.0 1.0
1.0 1.0 1.0
1.0 1.0 1.0
1.0 1.0 1.0
1.0 1.0 1.0
1.0 1.0 1.0
1.0 1.0 1.0
1.0 1.0 1.0
1.0 1.0 1.0
1.0 1.0 1.0
1.0 1.0 1.0
1.0 1.0 1.0
1.0 1.0 1.0
1.0 1.0 1.0
1.0 1.0 1.0
1.0 1.0 1.0
1.0 1.0 1.0
1.0 1.0 1.0
1.0 1.0 1.0
1.0 1.0 1.0
1.0 1.0 1.0
1.0 1.0 1.0
1.0 1.0 1.0
1.0 1.0 1.0
1.0 1.0 1.0
1.0 1.0 1.0
1.0 1.0 1.0
1.0 1.0 1.0
1.0 1.0 1.0
1.0 1.0 1.0
1.0 1.0 1.0
1.0 1.0 1.0
1.0 1.0 1.0
1.0 1.0 1.0
1.0 1.0 1.0
1.0 1.0 1.0
1.0 1.0 1.0
1.0 1.0 1.0
1.0 1.0 1.0
1.0 1.0 1.0
1.0 1.0 1.0
1.0 1.0 1.0
1.0 1.0 1.0
1.0 1.0 1.0
1.0 1.0 1.0
1.0 1.0 1.0
1.0 1.0 1.0
1.0 1.0 1.0
1.0 1.0 1.0
1.0 1.0 1.0
1.0 1.0 1.0
1.0 1.0 1.0
1.0 1.0 1.0
1.0 1.0 1.0
1.0 1.0 1.0
1.0 1.0 1.0
1.0 1.0 1.0
1.0 1.0 1.0
1.0 1.0 1.0
1.0 1.0 1.0
1.0 1.0 1.0
1.0 1.0 1.0
1.0 1.0 1.0
1.0 1.0 1.0
1.0 1.0 1.0
1.0 1.0 1.0
1.0 1.0 1.0
1.0 1.0 1.0
1.0 1.0 1.0
1.0 1.0 1.0
1.0 1.0 1.0
1.0 1.0 1.0
1.0 1.0 1.0
1.0 1.0 1.0
1.0 1.0 1.0
1.0 1.0 1.0
1.0 1.0 1.0
1.0 1.0 1.0
1.0 1.0 1.0
1.0 1.0 1.0
1.0 1.0 1.0
1.0 1.0 1.0
1.0 1.0 1.0
1.0 1.0 1.0
1.0 1.0 1.0
1.0 1.0 1.0
1.0 1.0 1.0
1.0 1.0 1.0
1.0 1.0 1.0
1.0 1.0 1.0
1.0 1.0 1.0
1.0 1.0 1.0
1.0 1.0 1.0
1.0 1.0 1.0
1.0 1.0 1.0
1.0 1.0 1.0
1.0 1.0 1.0
1.0 1.0 1.0
1.0 1.0 1.0
1.0 1.0 1.0
1.0 1.0 1.0
1.0 1.0 1.0
1.0 1.0 1.0
1.0 1.0 1.0
1.0 1.0 1.0
1.0 1.0 1.0
1.0 1.0 1.0
1.0 1.0 1.0
1.0 1.0 1.0
1.0 1.0 1.0
1.0 1.0 1.0
1.0 1.0 1.0
1.0 1.0 1.0
1.0 1.0 1.0
1.0 1.0 1.0
1.0 1.0 1.0
1.0 1.0 1.0
1.0 1.0 1.0
1.0 1.0 1.0
1.0 1.0 1.0
1.0 1.0 1.0
1.0 1.0 1.0
1.0 1.0 1.0
1.0 1.0 1.0
1.0 1.0 1.0
1.0 1.0 1.0
1.0 1.0 1.0
1.0 1.0 1.0
1.0 1.0 1.0
1.0 1.0 1.0
1.0 1.0 1.0
1.0 1.0 1.0
1.0 1.0 1.0
1.0 1.0 1.0
1.0 1.0 1.0
1.0 1.0 1.0
1.0 1.0 1.0
1.0 1.0 1.0
1.0 1.0 1.0
1.0 1.0 1.0
1.0 1.0 1.0
1.0 1.0 1.0
1.0 1.0 1.0
1.0 1.0 1.0
1.0 1.0 1.0
1.0 1.0 1.0
1.0 1.0 1.0
1.0 1.0 1.0
1.0 1.0 1.0
1.0 1.0 1.0
1.0 1.0 1.0
1.0 1.0 1.0
1.0 1.0 1.0
1.0 1.0 1.0
1.0 1.0 1.0
1.0 1.0 1.0
1.0 1.0 1.0
1.0 1.0 1.0
1.0 1.0 1.0
1.0 1.0 1.0
1.0 1.0 1.0
1.0 1.0 1.0
1.0 1.0 1.0
1.0 1.0 1.0
1.0 1.0 1.0
1.0 1.0 1.0
1.0 1.0 1.0
1.0 1.0 1.0
1.0 1.0 1.0
1.0 1.0 1.0
1.0 1.0 1.0
1.0 1.0 1.0
1.0 1.0 1.0
1.0 1.0 1.0
1.0 1.0 1.0
1.0 1.0 1.0
1.0 1.0 1.0
1.0 1.0 1.0
1.0 1.0 1.0
1.0 1.0 1.0
1.0 1.0 1.0
1.0 1.0 1.0
1.0 1.0 1.0
1.0 1.0 1.0
1.0 1.0 1.0
1.0 1.0 1.0
1.0 1.0 1.0
1.0 1.0 1.0
1.0 1.0 1.0
1.0 1.0 1.0
1.0 1.0 1.0
1.0 1.0 1.0
1.0 1.0 1.0
1.0 1.0 1.0
1.0 1.0 1.0
1.0 1.0 1.0
1.0 1.0 1.0
1.0 1.0 1.0
1.0 1.0 1.0
1.0 1.0 1.0
1.0 1.0 1.0
1.0 1.0 1.0
1.0 1.0 1.0
1.0 1.0 1.0
1.0 1.0 1.0
1.0 1.0 1.0
1.0 1.0 1.0
1.0 1.0 1.0
1.0 1.0 1.0
1.0 1.0 1.0
1.0 1.0 1.0
1.0 1.0 1.0
1.0 1.0 1.0
1.0 1.0 1.0
1.0 1.0 1.0
1.0 1.0 1.0
1.0 1.0 1.0
1.0 1.0 1.0
1.0 1.0 1.0
1.0 1.0 1.0
1.0 1.0 1.0
1.0 1.0 1.0
1.0 1.0 1.0
1.0 1.0 1.0
1.0 1.0 1.0
1.0 1.0 1.0
1.0 1.0 1.0
1.0 1.0 1.0
1.0 1.0 1.0
1.0 1.0 1.0
1.0 1.0 1.0
1.0 1.0 1.0
1.0 1.0 1.0
1.0 1.0 1.0
1.0 1.0 1.0
1.0 1.0 1.0
1.0 1.0 1.0
1.0 1.0 1.0
1.0 1.0 1.0
1.0 1.0 1.0
1.0 1.0 1.0
1.0 1.0 1.0
1.0 1.0 1.0
1.0 1.0 1.0
1.0 1.0 1.0
1.0 1.0 1.0
1.0 1.0 1.0
1.0 1.0 1.0
1.0 1.0 1.0
1.0 1.0 1.0
1.0 1.0 1.0
1.0 1.0 1.0
1.0 1.0 1.0
1.0 1.0 1.0
1.0 1.0 1.0
1.0 1.0 1.0
1.0 1.0 1.0
1.0 1.0 1.0
1.0 1.0 1.0
1.0 1.0 1.0
1.0 1.0 1.0
1.0 1.0 1.0
1.0 1.0 1.0
1.0 1.0 1.0
1.0 1.0 1.0
1.0 1.0 1.0
1.0 1.0 1.0
1.0 1.0 1.0
1.0 1.0 1.0
1.0 1.0 1.0
1.0 1.0 1.0
1.0 1.0 1.0
1.0 1.0 1.0
1.0 1.0 1.0
1.0 1.0 1.0
1.0 1.0 1.0
1.0 1.0 1.0
1.0 1.0 1.0
1.0 1.0 1.0
1.0 1.0 1.0
1.0 1.0 1.0
1.0 1.0 1.0
1.0 1.0 1.0
1.0 1.0 1.0
1.0 1.0 1.0
1.0 1.0 1.0
1.0 1.0 1.0
1.0 1.0 1.0
1.0 1.0 1.0
1.0 1.0 1.0
1.0 1.0 1.0
1.0 1.0 1.0
1.0 1.0 1.0
1.0 1.0 1.0
1.0 1.0 1.0
1.0 1.0 1.0
1.0 1.0 1.0
1.0 1.0 1.0
1.0 1.0 1.0
1.0 1.0 1.0
1.0 1.0 1.0
1.0 1.0 1.0
1.0 1.0 1.0
1.0 1.0 1.0
1.0 1.0 1.0
1.0 1.0 1.0
1.0 1.0 1.0
1.0 1.0 1.0
1.0 1.0 1.0
1.0 1.0 1.0
1.0 1.0 1.0
1.0 1.0 1.0
1.0 1.0 1.0
1.0 1.0 1.0
1.0 1.0 1.0
1.0 1.0 1.0
1.0 1.0 1.0
1.0 1.0 1.0
1.0 1.0 1.0
1.0 1.0 1.0
1.0 1.0 1.0
1.0 1.0 1.0
1.0 1.0 1.0
1.0 1.0 1.0
1.0 1.0 1.0
1.0 1.0 1.0
1.0 1.0 1.0
1.0 1.0 1.0
1.0 1.0 1.0
1.0 1.0 1.0
1.0 1.0 1.0
1.0 1.0 1.0
1.0 1.0 1.0
1.0 1.0 1.0
1.0 1.0 1.0
1.0 1.0 1.0
1.0 1.0 1.0
1.0 1.0 1.0
1.0 1.0 1.0
1.0 1.0 1.0
1.0 1.0 1.0
1.0 1.0 1.0
1.0 1.0 1.0
1.0 1.0 1.0
1.0 1.0 1.0
1.0 1.0 1.0
1.0 1.0 1.0
1.0 1.0 1.0
1.0 1.0 1.0
1.0 1.0 1.0
1.0 1.0 1.0
1.0 1.0 1.0
1.0 1.0 1.0
1.0 1.0 1.0
1.0 1.0 1.0
1.0 1.0 1.0
1.0 1.0 1.0
1.0 1.0 1.0
1.0 1.0 1.0
1.0 1.0 1.0
1.0 1.0 1.0
1.0 1.0 1.0
1.0 1.0 1.0
1.0 1.0 1.0
1.0 1.0 1.0
1.0 1.0 1.0
1.0 1.0 1.0
1.0 1.0 1.0
1.0 1.0 1.0
1.0 1.0 1.0
1.0 1.0 1.0
1.0 1.0 1.0
1.0 1.0 1.0
1.0 1.0 1.0
1.0 1.0 1.0
1.0 1.0 1.0
1.0 1.0 1.0
1.0 1.0 1.0
1.0 1.0 1.0
1.0 1.0 1.0
1.0 1.0 1.0
1.0 1.0 1.0
1.0 1.0 1.0
1.0 1.0 1.0
1.0 1.0 1.0
1.0 1.0 1.0
1.0 1.0 1.0
1.0 1.0 1.0
1.0 1.0 1.0
1.0 1.0 1.0
1.0 1.0 1.0
1.0 1.0 1.0
1.0 1.0 1.0
1.0 1.0 1.0
1.0 1.0 1.0
1.0 1.0 1.0
1.0 1.0 1.0
1.0 1.0 1.0
1.0 1.0 1.0
1.0 1.0 1.0
1.0 1.0 1.0
1.0 1.0 1.0
1.0 1.0 1.0
1.0 1.0 1.0
1.0 1.0 1.0
1.0 1.0 1.0
1.0 1.0 1.0
1.0 1.0 1.0
1.0 1.0 1.0
1.0 1.0 1.0
1.0 1.0 1.0
1.0 1.0 1.0
1.0 1.0 1.0
1.0 1.0 1.0
1.0 1.0 1.0
1.0 1.0 1.0
1.0 1.0 1.0
1.0 1.0 1.0
1.0 1.0 1.0
1.0 1.0 1.0
1.0 1.0 1.0
1.0 1.0 1.0
1.0 1.0 1.0
1.0 1.0 1.0
1.0 1.0 1.0
1.0 1.0 1.0
1.0 1.0 1.0
1.0 1.0 1.0
1.0 1.0 1.0
1.0 1.0 1.0
1.0 1.0 1.0
1.0 1.0 1.0
1.0 1.0 1.0
1.0 1.0 1.0
1.0 1.0 1.0
1.0 1.0 1.0
1.0 1.0 1.0
1.0 1.0 1.0
1.0 1.0 1.0
1.0 1.0 1.0
1.0 1.0 1.0
1.0 1.0 1.0
1.0 1.0 1.0
1.0 1.0 1.0
1.0 1.0 1.0
1.0 1.0 1.0
1.0 1.0 1.0
1.0 1.0 1.0
1.0 1.0 1.0
1.0 1.0 1.0
1.0 1.0 1.0
1.0 1.0 1.0
1.0 1.0 1.0
1.0 1.0 1.0
1.0 1.0 1.0
1.0 1.0 1.0
1.0 1.0 1.0
1.0 1.0 1.0
1.0 1.0 1.0
1.0 1.0 1.0
1.0 1.0 1.0
1.0 1.0 1.0
1.0 1.0 1.0
1.0 1.0 1.0
1.0 1.0 1.0
1.0 1.0 1.0
1.0 1.0 1.0
1.0 1.0 1.0
1.0 1.0 1.0
1.0 1.0 1.0
1.0 1.0 1.0
1.0 1.0 1.0
1.0 1.0 1.0
1.0 1.0 1.0
1.0 1.0 1.0
1.0 1.0 1.0
1.0 1.0 1.0
1.0 1.0 1.0
1.0 1.0 1.0
1.0 1.0 1.0
1.0 1.0 1.0
1.0 1.0 1.0
1.0 1.0 1.0
1.0 1.0 1.0
1.0 1.0 1.0
1.0 1.0 1.0
1.0 1.0 1.0
1.0 1.0 1.0
1.0 1.0 1.0
1.0 1.0 1.0
1.0 1.0 1.0
1.0 1.0 1.0
1.0 1.0 1.0
1.0 1.0 1.0
1.0 1.0 1.0
1.0 1.0 1.0
1.0 1.0 1.0
1.0 1.0 1.0
1.0 1.0 1.0
1.0 1.0 1.0
1.0 1.0 1.0
1.0 1.0 1.0
1.0 1.0 1.0
1.0 1.0 1.0
1.0 1.0 1.0
1.0 1.0 1.0
1.0 1.0 1.0
1.0 1.0 1.0
1.0 1.0 1.0
1.0 1.0 1.0
1.0 1.0 1.0
1.0 1.0 1.0
1.0 1.0 1.0
1.0 1.0 1.0
1.0 1.0 1.0
1.0 1.0 1.0
1.0 1.0 1.0
1.0 1.0 1.0
1.0 1.0 1.0
1.0 1.0 1.0
1.0 1.0 1.0
1.0 1.0 1.0
1.0 1.0 1.0
1.0 1.0 1.0
1.0 1.0 1.0
1.0 1.0 1.0
1.0 1.0 1.0
1.0 1.0 1.0
1.0 1.0 1.0
1.0 1.0 1.0
1.0 1.0 1.0
1.0 1.0 1.0
1.0 1.0 1.0
1.0 1.0 1.0
1.0 1.0 1.0
1.0 1.0 1.0
1.0 1.0 1.0
1.0 1.0 1.0
1.0 1.0 1.0
1.0 1.0 1.0
1.0 1.0 1.0
1.0 1.0 1.0
1.0 1.0 1.0
1.0 1.0 1.0
1.0 1.0 1.0
1.0 1.0 1.0
1.0 1.0 1.0
1.0 1.0 1.0
1.0 1.0 1.0
1.0 1.0 1.0
1.0 1.0 1.0
1.0 1.0 1.0
1.0 1.0 1.0
1.0 1.0 1.0
1.0 1.0 1.0
1.0 1.0 1.0
1.0 1.0 1.0
1.0 1.0 1.0
1.0 1.0 1.0
1.0 1.0 1.0
1.0 1.0 1.0
1.0 1.0 1.0
1.0 1.0 1.0
1.0 1.0 1.0
1.0 1.0 1.0
1.0 1.0 1.0
1.0 1.0 1.0
1.0 1.0 1.0
1.0 1.0 1.0
1.0 1.0 1.0
1.0 1.0 1.0
1.0 1.0 1.0
1.0 1.0 1.0
1.0 1.0 1.0
1.0 1.0 1.0
1.0 1.0 1.0
1.0 1.0 1.0
1.0 1.0 1.0
1.0 1.0 1.0
1.0 1.0 1.0
1.0 1.0 1.0
1.0 1.0 1.0
1.0 1.0 1.0
1.0 1.0 1.0
1.0 1.0 1.0
1.0 1.0 1.0
1.0 1.0 1.0
1.0 1.0 1.0
1.0 1.0 1.0
1.0 1.0 1.0
1.0 1.0 1.0
1.0 1.0 1.0
1.0 1.0 1.0
1.0 1.0 1.0
1.0 1.0 1.0
1.0 1.0 1.0
1.0 1.0 1.0
1.0 1.0 1.0
1.0 1.0 1.0
1.0 1.0 1.0
1.0 1.0 1.0
1.0 1.0 1.0
1.0 1.0 1.0
1.0 1.0 1.0
1.0 1.0 1.0
1.0 1.0 1.0
1.0 1.0 1.0
1.0 1.0 1.0
1.0 1.0 1.0
1.0 1.0 1.0
1.0 1.0 1.0
1.0 1.0 1.0
1.0 1.0 1.0
1.0 1.0 1.0
1.0 1.0 1.0
1.0 1.0 1.0
1.0 1.0 1.0
1.0 1.0 1.0
1.0 1.0 1.0
1.0 1.0 1.0
1.0 1.0 1.0
1.0 1.0 1.0
1.0 1.0 1.0
1.0 1.0 1.0
1.0 1.0 1.0
1.0 1.0 1.0
1.0 1.0 1.0
1.0 1.0 1.0
1.0 1.0 1.0
1.0 1.0 1.0
1.0 1.0 1.0
1.0 1.0 1.0
1.0 1.0 1.0
1.0 1.0 1.0
1.0 1.0 1.0
1.0 1.0 1.0
1.0 1.0 1.0
1.0 1.0 1.0
1.0 1.0 1.0
1.0 1.0 1.0
1.0 1.0 1.0
1.0 1.0 1.0
1.0 1.0 1.0
1.0 1.0 1.0
1.0 1.0 1.0
1.0 1.0 1.0
1.0 1.0 1.0
1.0 1.0 1.0
1.0 1.0 1.0
1.0 1.0 1.0
1.0 1.0 1.0
1.0 1.0 1.0
1.0 1.0 1.0
1.0 1.0 1.0
1.0 1.0 1.0
1.0 1.0 1.0
1.0 1.0 1.0
1.0 1.0 1.0
1.0 1.0 1.0
1.0 1.0 1.0
1.0 1.0 1.0
1.0 1.0 1.0
1.0 1.0 1.0
1.0 1.0 1.0
1.0 1.0 1.0
1.0 1.0 1.0
1.0 1.0 1.0
1.0 1.0 1.0
1.0 1.0 1.0
1.0 1.0 1.0
1.0 1.0 1.0
1.0 1.0 1.0
1.0 1.0 1.0
1.0 1.0 1.0
1.0 1.0 1.0
1.0 1.0 1.0
1.0 1.0 1.0
1.0 1.0 1.0
1.0 1.0 1.0
1.0 1.0 1.0
1.0 1.0 1.0
1.0 1.0 1.0
1.0 1.0 1.0
1.0 1.0 1.0
1.0 1.0 1.0
1.0 1.0 1.0
1.0 1.0 1.0
1.0 1.0 1.0
1.0 1.0 1.0
1.0 1.0 1.0
1.0 1.0 1.0
1.0 1.0 1.0
1.0 1.0 1.0
1.0 1.0 1.0
1.0 1.0 1.0
1.0 1.0 1.0
1.0 1.0 1.0
1.0 1.0 1.0
1.0 1.0 1.0
1.0 1.0 1.0
1.0 1.0 1.0
1.0 1.0 1.0
1.0 1.0 1.0
1.0 1.0 1.0
1.0 1.0 1.0
1.0 1.0 1.0
1.0 1.0 1.0
1.0 1.0 1.0
1.0 1.0 1.0
1.0 1.0 1.0
1.0 1.0 1.0
1.0 1.0 1.0
1.0 1.0 1.0
1.0 1.0 1.0
1.0 1.0 1.0
1.0 1.0 1.0
1.0 1.0 1.0
1.0 1.0 1.0
1.0 1.0 1.0
1.0 1.0 1.0
1.0 1.0 1.0
1.0 1.0 1.0
1.0 1.0 1.0
1.0 1.0 1.0
1.0 1.0 1.0
1.0 1.0 1.0
1.0 1.0 1.0
1.0 1.0 1.0
1.0 1.0 1.0
1.0 1.0 1.0
1.0 1.0 1.0
1.0 1.0 1.0
1.0 1.0 1.0
1.0 1.0 1.0
1.0 1.0 1.0
1.0 1.0 1.0
1.0 1.0 1.0
1.0 1.0 1.0
1.0 1.0 1.0
1.0 1.0 1.0
1.0 1.0 1.0
1.0 1.0 1.0
1.0 1.0 1.0
1.0 1.0 1.0
1.0 1.0 1.0
1.0 1.0 1.0
1.0 1.0 1.0
1.0 1.0 1.0
1.0 1.0 1.0
1.0 1.0 1.0
1.0 1.0 1.0
1.0 1.0 1.0
1.0 1.0 1.0
1.0 1.0 1.0
1.0 1.0 1.0
1.0 1.0 1.0
1.0 1.0 1.0
1.0 1.0 1.0
1.0 1.0 1.0
1.0 1.0 1.0
1.0 1.0 1.0
1.0 1.0 1.0
1.0 1.0 1.0
1.0 1.0 1.0
1.0 1.0 1.0
1.0 1.0 1.0
1.0 1.0 1.0
1.0 1.0 1.0
1.0 1.0 1.0
1.0 1.0 1.0
1.0 1.0 1.0
1.0 1.0 1.0
1.0 1.0 1.0
1.0 1.0 1.0
1.0 1.0 1.0
1.0 1.0 1.0
1.0 1.0 1.0
1.0 1.0 1.0
1.0 1.0 1.0
1.0 1.0 1.0
1.0 1.0 1.0
1.0 1.0 1.0
1.0 1.0 1.0
1.0 1.0 1.0
1.0 1.0 1.0
1.0 1.0 1.0
1.0 1.0 1.0
1.0 1.0 1.0
1.0 1.0 1.0
1.0 1.0 1.0
1.0 1.0 1.0
1.0 1.0 1.0
1.0 1.0 1.0
1.0 1.0 1.0
1.0 1.0 1.0
1.0 1.0 1.0
1.0 1.0 1.0
1.0 1.0 1.0
1.0 1.0 1.0
1.0 1.0 1.0
1.0 1.0 1.0
1.0 1.0 1.0
1.0 1.0 1.0
1.0 1.0 1.0
1.0 1.0 1.0
1.0 1.0 1.0
1.0 1.0 1.0
1.0 1.0 1.0
1.0 1.0 1.0
1.0 1.0 1.0
1.0 1.0 1.0
1.0 1.0 1.0
1.0 1.0 1.0
1.0 1.0 1.0
1.0 1.0 1.0
1.0 1.0 1.0
1.0 1.0 1.0
1.0 1.0 1.0
1.0 1.0 1.0
1.0 1.0 1.0
1.0 1.0 1.0
1.0 1.0 1.0
1.0 1.0 1.0
1.0 1.0 1.0
1.0 1.0 1.0
1.0 1.0 1.0
1.0 1.0 1.0
1.0 1.0 1.0
1.0 1.0 1.0
1.0 1.0 1.0
1.0 1.0 1.0
1.0 1.0 1.0
1.0 1.0 1.0
1.0 1.0 1.0
1.0 1.0 1.0
1.0 1.0 1.0
1.0 1.0 1.0
1.0 1.0 1.0
1.0 1.0 1.0
1.0 1.0 1.0
1.0 1.0 1.0
1.0 1.0 1.0
1.0 1.0 1.0
1.0 1.0 1.0
1.0 1.0 1.0
1.0 1.0 1.0
1.0 1.0 1.0
1.0 1.0 1.0
1.0 1.0 1.0
1.0 1.0 1.0
1.0 1.0 1.0
1.0 1.0 1.0
1.0 1.0 1.0
1.0 1.0 1.0
1.0 1.0 1.0
1.0 1.0 1.0
1.0 1.0 1.0
1.0 1.0 1.0
1.0 1.0 1.0
1.0 1.0 1.0
1.0 1.0 1.0
1.0 1.0 1.0
1.0 1.0 1.0
1.0 1.0 1.0
1.0 1.0 1.0
1.0 1.0 1.0
1.0 1.0 1.0
1.0 1.0 1.0
1.0 1.0 1.0
1.0 1.0 1.0
1.0 1.0 1.0
1.0 1.0 1.0
1.0 1.0 1.0
1.0 1.0 1.0
1.0 1.0 1.0
1.0 1.0 1.0
1.0 1.0 1.0
1.0 1.0 1.0
1.0 1.0 1.0
1.0 1.0 1.0
1.0 1.0 1.0
1.0 1.0 1.0
1.0 1.0 1.0
1.0 1.0 1.0
1.0 1.0 1.0
1.0 1.0 1.0
1.0 1.0 1.0
1.0 1.0 1.0
1.0 1.0 1.0
1.0 1.0 1.0
1.0 1.0 1.0
1.0 1.0 1.0
1.0 1.0 1.0
1.0 1.0 1.0
1.0 1.0 1.0
1.0 1.0 1.0
1.0 1.0 1.0
1.0 1.0 1.0
1.0 1.0 1.0
1.0 1.0 1.0
1.0 1.0 1.0
1.0 1.0 1.0
1.0 1.0 1.0
1.0 1.0 1.0
1.0 1.0 1.0
1.0 1.0 1.0
1.0 1.0 1.0
1.0 1.0 1.0
1.0 1.0 1.0
1.0 1.0 1.0
1.0 1.0 1.0
1.0 1.0 1.0
1.0 1.0 1.0
1.0 1.0 1.0
1.0 1.0 1.0
1.0 1.0 1.0
1.0 1.0 1.0
1.0 1.0 1.0
1.0 1.0 1.0
1.0 1.0 1.0
1.0 1.0 1.0
1.0 1.0 1.0
1.0 1.0 1.0
1.0 1.0 1.0
1.0 1.0 1.0
1.0 1.0 1.0
1.0 1.0 1.0
1.0 1.0 1.0
1.0 1.0 1.0
1.0 1.0 1.0
1.0 1.0 1.0
1.0 1.0 1.0
1.0 1.0 1.0
1.0 1.0 1.0
1.0 1.0 1.0
1.0 1.0 1.0
1.0 1.0 1.0
1.0 1.0 1.0
1.0 1.0 1.0
1.0 1.0 1.0
1.0 1.0 1.0
1.0 1.0 1.0
1.0 1.0 1.0
1.0 1.0 1.0
1.0 1.0 1.0
1.0 1.0 1.0
1.0 1.0 1.0
1.0 1.0 1.0
1.0 1.0 1.0
1.0 1.0 1.0
1.0 1.0 1.0
1.0 1.0 1.0
1.0 1.0 1.0
1.0 1.0 1.0
1.0 1.0 1.0
1.0 1.0 1.0
1.0 1.0 1.0
1.0 1.0 1.0
1.0 1.0 1.0
1.0 1.0 1.0
1.0 1.0 1.0
1.0 1.0 1.0
1.0 1.0 1.0
1.0 1.0 1.0
1.0 1.0 1.0
1.0 1.0 1.0
1.0 1.0 1.0
1.0 1.0 1.0
1.0 1.0 1.0
1.0 1.0 1.0
1.0 1.0 1.0
1.0 1.0 1.0
1.0 1.0 1.0
1.0 1.0 1.0
1.0 1.0 1.0
1.0 1.0 1.0
1.0 1.0 1.0
1.0 1.0 1.0
1.0 1.0 1.0
1.0 1.0 1.0
1.0 1.0 1.0
1.0 1.0 1.0
1.0 1.0 1.0
1.0 1.0 1.0
1.0 1.0 1.0
1.0 1.0 1.0
1.0 1.0 1.0
1.0 1.0 1.0
1.0 1.0 1.0
1.0 1.0 1.0
1.0 1.0 1.0
1.0 1.0 1.0
1.0 1.0 1.0
1.0 1.0 1.0
1.0 1.0 1.0
1.0 1.0 1.0
1.0 1.0 1.0
1.0 1.0 1.0
1.0 1.0 1.0
1.0 1.0 1.0
1.0 1.0 1.0
1.0 1.0 1.0
1.0 1.0 1.0
1.0 1.0 1.0
1.0 1.0 1.0
1.0 1.0 1.0
1.0 1.0 1.0
1.0 1.0 1.0
1.0 1.0 1.0
1.0 1.0 1.0
1.0 1.0 1.0
1.0 1.0 1.0
1.0 1.0 1.0
1.0 1.0 1.0
1.0 1.0 1.0
1.0 1.0 1.0
1.0 1.0 1.0
1.0 1.0 1.0
1.0 1.0 1.0
1.0 1.0 1.0
1.0 1.0 1.0
1.0 1.0 1.0
1.0 1.0 1.0
1.0 1.0 1.0
1.0 1.0 1.0
1.0 1.0 1.0
1.0 1.0 1.0
1.0 1.0 1.0
1.0 1.0 1.0
1.0 1.0 1.0
1.0 1.0 1.0
1.0 1.0 1.0
1.0 1.0 1.0
1.0 1.0 1.0
1.0 1.0 1.0
1.0 1.0 1.0
1.0 1.0 1.0
1.0 1.0 1.0
1.0 1.0 1.0
1.0 1.0 1.0
1.0 1.0 1.0
1.0 1.0 1.0
1.0 1.0 1.0
1.0 1.0 1.0
1.0 1.0 1.0
1.0 1.0 1.0
1.0 1.0 1.0
1.0 1.0 1.0
1.0 1.0 1.0
1.0 1.0 1.0
1.0 1.0 1.0
1.0 1.0 1.0
1.0 1.0 1.0
1.0 1.0 1.0
1.0 1.0 1.0
1.0 1.0 1.0
1.0 1.0 1.0
1.0 1.0 1.0
1.0 1.0 1.0
1.0 1.0 1.0
1.0 1.0 1.0
1.0 1.0 1.0
1.0 1.0 1.0
1.0 1.0 1.0
1.0 1.0 1.0
1.0 1.0 1.0
1.0 1.0 1.0
1.0 1.0 1.0
1.0 1.0 1.0
1.0 1.0 1.0
1.0 1.0 1.0
1.0 1.0 1.0
1.0 1.0 1.0
1.0 1.0 1.0
1.0 1.0 1.0
1.0 1.0 1.0
1.0 1.0 1.0
1.0 1.0 1.0
1.0 1.0 1.0
1.0 1.0 1.0
1.0 1.0 1.0
1.0 1.0 1.0
1.0 1.0 1.0
1.0 1.0 1.0
1.0 1.0 1.0
1.0 1.0 1.0
1.0 1.0 1.0
1.0 1.0 1.0
1.0 1.0 1.0
1.0 1.0 1.0
1.0 1.0 1.0
1.0 1.0 1.0
1.0 1.0 1.0
1.0 1.0 1.0
1.0 1.0 1.0
1.0 1.0 1.0
1.0 1.0 1.0
1.0 1.0 1.0
1.0 1.0 1.0
1.0 1.0 1.0
1.0 1.0 1.0
1.0 1.0 1.0
1.0 1.0 1.0
1.0 1.0 1.0
1.0 1.0 1.0
1.0 1.0 1.0
1.0 1.0 1.0
1.0 1.0 1.0
1.0 1.0 1.0
1.0 1.0 1.0
1.0 1.0 1.0
1.0 1.0 1.0
1.0 1.0 1.0
1.0 1.0 1.0
1.0 1.0 1.0
1.0 1.0 1.0
1.0 1.0 1.0
1.0 1.0 1.0
1.0 1.0 1.0
1.0 1.0 1.0
1.0 1.0 1.0
1.0 1.0 1.0
1.0 1.0 1.0
1.0 1.0 1.0
1.0 1.0 1.0
1.0 1.0 1.0
1.0 1.0 1.0
1.0 1.0 1.0
1.0 1.0 1.0
1.0 1.0 1.0
1.0 1.0 1.0
1.0 1.0 1.0
1.0 1.0 1.0
1.0 1.0 1.0
1.0 1.0 1.0
1.0 1.0 1.0
1.0 1.0 1.0
1.0 1.0 1.0
1.0 1.0 1.0
1.0 1.0 1.0
1.0 1.0 1.0
1.0 1.0 1.0
1.0 1.0 1.0
1.0 1.0 1.0
1.0 1.0 1.0
1.0 1.0 1.0
1.0 1.0 1.0
1.0 1.0 1.0
1.0 1.0 1.0
1.0 1.0 1.0
1.0 1.0 1.0
1.0 1.0 1.0
1.0 1.0 1.0
1.0 1.0 1.0
1.0 1.0 1.0
1.0 1.0 1.0
1.0 1.0 1.0
1.0 1.0 1.0
1.0 1.0 1.0
1.0 1.0 1.0
1.0 1.0 1.0
1.0 1.0 1.0
1.0 1.0 1.0
1.0 1.0 1.0
1.0 1.0 1.0
1.0 1.0 1.0
1.0 1.0 1.0
1.0 1.0 1.0
1.0 1.0 1.0
1.0 1.0 1.0
1.0 1.0 1.0
1.0 1.0 1.0
1.0 1.0 1.0
1.0 1.0 1.0
1.0 1.0 1.0
1.0 1.0 1.0
1.0 1.0 1.0
1.0 1.0 1.0
1.0 1.0 1.0
1.0 1.0 1.0
1.0 1.0 1.0
1.0 1.0 1.0
1.0 1.0 1.0
1.0 1.0 1.0
1.0 1.0 1.0
1.0 1.0 1.0
1.0 1.0 1.0
1.0 1.0 1.0
1.0 1.0 1.0
1.0 1.0 1.0
1.0 1.0 1.0
1.0 1.0 1.0
1.0 1.0 1.0
1.0 1.0 1.0
1.0 1.0 1.0
1.0 1.0 1.0
1.0 1.0 1.0
1.0 1.0 1.0
1.0 1.0 1.0
1.0 1.0 1.0
1.0 1.0 1.0
1.0 1.0 1.0
1.0 1.0 1.0
1.0 1.0 1.0
1.0 1.0 1.0
1.0 1.0 1.0
1.0 1.0 1.0
1.0 1.0 1.0
1.0 1.0 1.0
1.0 1.0 1.0
1.0 1.0 1.0
1.0 1.0 1.0
1.0 1.0 1.0
1.0 1.0 1.0
1.0 1.0 1.0
1.0 1.0 1.0
1.0 1.0 1.0
1.0 1.0 1.0
1.0 1.0 1.0
1.0 1.0 1.0
1.0 1.0 1.0
1.0 1.0 1.0
1.0 1.0 1.0
1.0 1.0 1.0
1.0 1.0 1.0
1.0 1.0 1.0
1.0 1.0 1.0
1.0 1.0 1.0
1.0 1.0 1.0
1.0 1.0 1.0
1.0 1.0 1.0
1.0 1.0 1.0
1.0 1.0 1.0
1.0 1.0 1.0
1.0 1.0 1.0
1.0 1.0 1.0
1.0 1.0 1.0
1.0 1.0 1.0
1.0 1.0 1.0
1.0 1.0 1.0
1.0 1.0 1.0
1.0 1.0 1.0
1.0 1.0 1.0
1.0 1.0 1.0
1.0 1.0 1.0
1.0 1.0 1.0
1.0 1.0 1.0
1.0 1.0 1.0
1.0 1.0 1.0
1.0 1.0 1.0
1.0 1.0 1.0
1.0 1.0 1.0
1.0 1.0 1.0
1.0 1.0 1.0
1.0 1.0 1.0
1.0 1.0 1.0
1.0 1.0 1.0
1.0 1.0 1.0
1.0 1.0 1.0
1.0 1.0 1.0
1.0 1.0 1.0
1.0 1.0 1.0
1.0 1.0 1.0
1.0 1.0 1.0
1.0 1.0 1.0
1.0 1.0 1.0
1.0 1.0 1.0
1.0 1.0 1.0
1.0 1.0 1.0
1.0 1.0 1.0
1.0 1.0 1.0
1.0 1.0 1.0
1.0 1.0 1.0
1.0 1.0 1.0
1.0 1.0 1.0
1.0 1.0 1.0
1.0 1.0 1.0
1.0 1.0 1.0
1.0 1.0 1.0
1.0 1.0 1.0
1.0 1.0 1.0
1.0 1.0 1.0
1.0 1.0 1.0
1.0 1.0 1.0
1.0 1.0 1.0
1.0 1.0 1.0
1.0 1.0 1.0
1.0 1.0 1.0
1.0 1.0 1.0
1.0 1.0 1.0
1.0 1.0 1.0
1.0 1.0 1.0
1.0 1.0 1.0
1.0 1.0 1.0
1.0 1.0 1.0
1.0 1.0 1.0
1.0 1.0 1.0
1.0 1.0 1.0
1.0 1.0 1.0
1.0 1.0 1.0
1.0 1.0 1.0
1.0 1.0 1.0
1.0 1.0 1.0
1.0 1.0 1.0
1.0 1.0 1.0
1.0 1.0 1.0
1.0 1.0 1.0
1.0 1.0 1.0
1.0 1.0 1.0
1.0 1.0 1.0
1.0 1.0 1.0
1.0 1.0 1.0
1.0 1.0 1.0
1.0 1.0 1.0
1.0 1.0 1.0
1.0 1.0 1.0
1.0 1.0 1.0
1.0 1.0 1.0
1.0 1.0 1.0
1.0 1.0 1.0
1.0 1.0 1.0
1.0 1.0 1.0
1.0 1.0 1.0
1.0 1.0 1.0
1.0 1.0 1.0
1.0 1.0 1.0
1.0 1.0 1.0
1.0 1.0 1.0
1.0 1.0 1.0
1.0 1.0 1.0
1.0 1.0 1.0
1.0 1.0 1.0
1.0 1.0 1.0
1.0 1.0 1.0
1.0 1.0 1.0
1.0 1.0 1.0
1.0 1.0 1.0
1.0 1.0 1.0
1.0 1.0 1.0
1.0 1.0 1.0
1.0 1.0 1.0
1.0 1.0 1.0
1.0 1.0 1.0
1.0 1.0 1.0
1.0 1.0 1.0
1.0 1.0 1.0
1.0 1.0 1.0
1.0 1.0 1.0
1.0 1.0 1.0
1.0 1.0 1.0
1.0 1.0 1.0
1.0 1.0 1.0
1.0 1.0 1.0
1.0 1.0 1.0
1.0 1.0 1.0
1.0 1.0 1.0
1.0 1.0 1.0
1.0 1.0 1.0
1.0 1.0 1.0
1.0 1.0 1.0
1.0 1.0 1.0
1.0 1.0 1.0
1.0 1.0 1.0
1.0 1.0 1.0
1.0 1.0 1.0
1.0 1.0 1.0
1.0 1.0 1.0
1.0 1.0 1.0
1.0 1.0 1.0
1.0 1.0 1.0
1.0 1.0 1.0
1.0 1.0 1.0
1.0 1.0 1.0
1.0 1.0 1.0
1.0 1.0 1.0
1.0 1.0 1.0
1.0 1.0 1.0
1.0 1.0 1.0
1.0 1.0 1.0
1.0 1.0 1.0
1.0 1.0 1.0
1.0 1.0 1.0
1.0 1.0 1.0
1.0 1.0 1.0
1.0 1.0 1.0
1.0 1.0 1.0
1.0 1.0 1.0
1.0 1.0 1.0
1.0 1.0 1.0
1.0 1.0 1.0
1.0 1.0 1.0
1.0 1.0 1.0
1.0 1.0 1.0
1.0 1.0 1.0
1.0 1.0 1.0
1.0 1.0 1.0
1.0 1.0 1.0
1.0 1.0 1.0
1.0 1.0 1.0
1.0 1.0 1.0
1.0 1.0 1.0
1.0 1.0 1.0
1.0 1.0 1.0
1.0 1.0 1.0
1.0 1.0 1.0
1.0 1.0 1.0
1.0 1.0 1.0
1.0 1.0 1.0
1.0 1.0 1.0
1.0 1.0 1.0
1.0 1.0 1.0
1.0 1.0 1.0
1.0 1.0 1.0
1.0 1.0 1.0
1.0 1.0 1.0
1.0 1.0 1.0
1.0 1.0 1.0
1.0 1.0 1.0
1.0 1.0 1.0
1.0 1.0 1.0
1.0 1.0 1.0
1.0 1.0 1.0
1.0 1.0 1.0
1.0 1.0 1.0
1.0 1.0 1.0
1.0 1.0 1.0
1.0 1.0 1.0
1.0 1.0 1.0
1.0 1.0 1.0
1.0 1.0 1.0
1.0 1.0 1.0
1.0 1.0 1.0
1.0 1.0 1.0
1.0 1.0 1.0
1.0 1.0 1.0
1.0 1.0 1.0
1.0 1.0 1.0
1.0 1.0 1.0
1.0 1.0 1.0
1.0 1.0 1.0
1.0 1.0 1.0
1.0 1.0 1.0
1.0 1.0 1.0
1.0 1.0 1.0
1.0 1.0 1.0
1.0 1.0 1.0
1.0 1.0 1.0
1.0 1.0 1.0
1.0 1.0 1.0
1.0 1.0 1.0
1.0 1.0 1.0
1.0 1.0 1.0
1.0 1.0 1.0
1.0 1.0 1.0
1.0 1.0 1.0
1.0 1.0 1.0
1.0 1.0 1.0
1.0 1.0 1.0
1.0 1.0 1.0
1.0 1.0 1.0
1.0 1.0 1.0
1.0 1.0 1.0
1.0 1.0 1.0
1.0 1.0 1.0
1.0 1.0 1.0
1.0 1.0 1.0
1.0 1.0 1.0
1.0 1.0 1.0
1.0 1.0 1.0
1.0 1.0 1.0
1.0 1.0 1.0
1.0 1.0 1.0
1.0 1.0 1.0
1.0 1.0 1.0
1.0 1.0 1.0
1.0 1.0 1.0
1.0 1.0 1.0
1.0 1.0 1.0
1.0 1.0 1.0
1.0 1.0 1.0
1.0 1.0 1.0
1.0 1.0 1.0
1.0 1.0 1.0
1.0 1.0 1.0
1.0 1.0 1.0
1.0 1.0 1.0
1.0 1.0 1.0
1.0 1.0 1.0
1.0 1.0 1.0
1.0 1.0 1.0
1.0 1.0 1.0
1.0 1.0 1.0
1.0 1.0 1.0
1.0 1.0 1.0
1.0 1.0 1.0
1.0 1.0 1.0
1.0 1.0 1.0
1.0 1.0 1.0
1.0 1.0 1.0
1.0 1.0 1.0
1.0 1.0 1.0
1.0 1.0 1.0
1.0 1.0 1.0
1.0 1.0 1.0
1.0 1.0 1.0
1.0 1.0 1.0
1.0 1.0 1.0
1.0 1.0 1.0
1.0 1.0 1.0
1.0 1.0 1.0
1.0 1.0 1.0
1.0 1.0 1.0
1.0 1.0 1.0
1.0 1.0 1.0
1.0 1.0 1.0
1.0 1.0 1.0
1.0 1.0 1.0
1.0 1.0 1.0
1.0 1.0 1.0
1.0 1.0 1.0
1.0 1.0 1.0
1.0 1.0 1.0
1.0 1.0 1.0
1.0 1.0 1.0
1.0 1.0 1.0
1.0 1.0 1.0
1.0 1.0 1.0
1.0 1.0 1.0
1.0 1.0 1.0
1.0 1.0 1.0
1.0 1.0 1.0
1.0 1.0 1.0
1.0 1.0 1.0
1.0 1.0 1.0
1.0 1.0 1.0
1.0 1.0 1.0
1.0 1.0 1.0
1.0 1.0 1.0
1.0 1.0 1.0
1.0 1.0 1.0
1.0 1.0 1.0
1.0 1.0 1.0
1.0 1.0 1.0
1.0 1.0 1.0
1.0 1.0 1.0
1.0 1.0 1.0
1.0 1.0 1.0
1.0 1.0 1.0
1.0 1.0 1.0
1.0 1.0 1.0
1.0 1.0 1.0
1.0 1.0 1.0
1.0 1.0 1.0
1.0 1.0 1.0
1.0 1.0 1.0
1.0 1.0 1.0
1.0 1.0 1.0
1.0 1.0 1.0
1.0 1.0 1.0
1.0 1.0 1.0
1.0 1.0 1.0
1.0 1.0 1.0
1.0 1.0 1.0
1.0 1.0 1.0
1.0 1.0 1.0
1.0 1.0 1.0
1.0 1.0 1.0
1.0 1.0 1.0
1.0 1.0 1.0
1.0 1.0 1.0
1.0 1.0 1.0
1.0 1.0 1.0
1.0 1.0 1.0
1.0 1.0 1.0
1.0 1.0 1.0
1.0 1.0 1.0
1.0 1.0 1.0
1.0 1.0 1.0
1.0 1.0 1.0
1.0 1.0 1.0
1.0 1.0 1.0
1.0 1.0 1.0
1.0 1.0 1.0
1.0 1.0 1.0
1.0 1.0 1.0
1.0 1.0 1.0
1.0 1.0 1.0
1.0 1.0 1.0
1.0 1.0 1.0
1.0 1.0 1.0
1.0 1.0 1.0
1.0 1.0 1.0
1.0 1.0 1.0
1.0 1.0 1.0
1.0 1.0 1.0
1.0 1.0 1.0
1.0 1.0 1.0
1.0 1.0 1.0
1.0 1.0 1.0
1.0 1.0 1.0
1.0 1.0 1.0
1.0 1.0 1.0
1.0 1.0 1.0
1.0 1.0 1.0
1.0 1.0 1.0
1.0 1.0 1.0
1.0 1.0 1.0
1.0 1.0 1.0
1.0 1.0 1.0
1.0 1.0 1.0
1.0 1.0 1.0
1.0 1.0 1.0
1.0 1.0 1.0
1.0 1.0 1.0
1.0 1.0 1.0
1.0 1.0 1.0
1.0 1.0 1.0
1.0 1.0 1.0
1.0 1.0 1.0
1.0 1.0 1.0
1.0 1.0 1.0
1.0 1.0 1.0
1.0 1.0 1.0
1.0 1.0 1.0
1.0 1.0 1.0
1.0 1.0 1.0
1.0 1.0 1.0
1.0 1.0 1.0
1.0 1.0 1.0
1.0 1.0 1.0
1.0 1.0 1.0
1.0 1.0 1.0
1.0 1.0 1.0
1.0 1.0 1.0
1.0 1.0 1.0
1.0 1.0 1.0
1.0 1.0 1.0
1.0 1.0 1.0
1.0 1.0 1.0
1.0 1.0 1.0
1.0 1.0 1.0
1.0 1.0 1.0
1.0 1.0 1.0
1.0 1.0 1.0
1.0 1.0 1.0
1.0 1.0 1.0
1.0 1.0 1.0
1.0 1.0 1.0
1.0 1.0 1.0
1.0 1.0 1.0
1.0 1.0 1.0
1.0 1.0 1.0
1.0 1.0 1.0
1.0 1.0 1.0
1.0 1.0 1.0
1.0 1.0 1.0
1.0 1.0 1.0
1.0 1.0 1.0
1.0 1.0 1.0
1.0 1.0 1.0
1.0 1.0 1.0
1.0 1.0 1.0
1.0 1.0 1.0
1.0 1.0 1.0
1.0 1.0 1.0
1.0 1.0 1.0
1.0 1.0 1.0
1.0 1.0 1.0
1.0 1.0 1.0
1.0 1.0 1.0
1.0 1.0 1.0
1.0 1.0 1.0
1.0 1.0 1.0
1.0 1.0 1.0
1.0 1.0 1.0
1.0 1.0 1.0
1.0 1.0 1.0
1.0 1.0 1.0
1.0 1.0 1.0
1.0 1.0 1.0
1.0 1.0 1.0
1.0 1.0 1.0
1.0 1.0 1.0
1.0 1.0 1.0
1.0 1.0 1.0
1.0 1.0 1.0
1.0 1.0 1.0
1.0 1.0 1.0
1.0 1.0 1.0
1.0 1.0 1.0
1.0 1.0 1.0
1.0 1.0 1.0
1.0 1.0 1.0
1.0 1.0 1.0
1.0 1.0 1.0
1.0 1.0 1.0
1.0 1.0 1.0
1.0 1.0 1.0
1.0 1.0 1.0
1.0 1.0 1.0
1.0 1.0 1.0
1.0 1.0 1.0
1.0 1.0 1.0
1.0 1.0 1.0
1.0 1.0 1.0
1.0 1.0 1.0
1.0 1.0 1.0
1.0 1.0 1.0
1.0 1.0 1.0
1.0 1.0 1.0
1.0 1.0 1.0
1.0 1.0 1.0
1.0 1.0 1.0
1.0 1.0 1.0
1.0 1.0 1.0
1.0 1.0 1.0
1.0 1.0 1.0
1.0 1.0 1.0
1.0 1.0 1.0
1.0 1.0 1.0
1.0 1.0 1.0
1.0 1.0 1.0
1.0 1.0 1.0
1.0 1.0 1.0
1.0 1.0 1.0
1.0 1.0 1.0
1.0 1.0 1.0
1.0 1.0 1.0
1.0 1.0 1.0
1.0 1.0 1.0
1.0 1.0 1.0
1.0 1.0 1.0
1.0 1.0 1.0
1.0 1.0 1.0
1.0 1.0 1.0
1.0 1.0 1.0
1.0 1.0 1.0
1.0 1.0 1.0
1.0 1.0 1.0
1.0 1.0 1.0
1.0 1.0 1.0
1.0 1.0 1.0
1.0 1.0 1.0
1.0 1.0 1.0
1.0 1.0 1.0
1.0 1.0 1.0
1.0 1.0 1.0
1.0 1.0 1.0
1.0 1.0 1.0
1.0 1.0 1.0
1.0 1.0 1.0
1.0 1.0 1.0
1.0 1.0 1.0
1.0 1.0 1.0
1.0 1.0 1.0
1.0 1.0 1.0
1.0 1.0 1.0
1.0 1.0 1.0
1.0 1.0 1.0
1.0 1.0 1.0
1.0 1.0 1.0
1.0 1.0 1.0
1.0 1.0 1.0
1.0 1.0 1.0
1.0 1.0 1.0
1.0 1.0 1.0
1.0 1.0 1.0
1.0 1.0 1.0
1.0 1.0 1.0
1.0 1.0 1.0
1.0 1.0 1.0
1.0 1.0 1.0
1.0 1.0 1.0
1.0 1.0 1.0
1.0 1.0 1.0
1.0 1.0 1.0
1.0 1.0 1.0
1.0 1.0 1.0
1.0 1.0 1.0
1.0 1.0 1.0
1.0 1.0 1.0
1.0 1.0 1.0
1.0 1.0 1.0
1.0 1.0 1.0
1.0 1.0 1.0
1.0 1.0 1.0
1.0 1.0 1.0
1.0 1.0 1.0
1.0 1.0 1.0
1.0 1.0 1.0
1.0 1.0 1.0
1.0 1.0 1.0
1.0 1.0 1.0
1.0 1.0 1.0
1.0 1.0 1.0
1.0 1.0 1.0
1.0 1.0 1.0
1.0 1.0 1.0
1.0 1.0 1.0
1.0 1.0 1.0
1.0 1.0 1.0
1.0 1.0 1.0
1.0 1.0 1.0
1.0 1.0 1.0
1.0 1.0 1.0
1.0 1.0 1.0
1.0 1.0 1.0
1.0 1.0 1.0
1.0 1.0 1.0
1.0 1.0 1.0
1.0 1.0 1.0
1.0 1.0 1.0
1.0 1.0 1.0
1.0 1.0 1.0
1.0 1.0 1.0
1.0 1.0 1.0
1.0 1.0 1.0
1.0 1.0 1.0
1.0 1.0 1.0
1.0 1.0 1.0
1.0 1.0 1.0
1.0 1.0 1.0
1.0 1.0 1.0
1.0 1.0 1.0
1.0 1.0 1.0
1.0 1.0 1.0
1.0 1.0 1.0
1.0 1.0 1.0
1.0 1.0 1.0
1.0 1.0 1.0
1.0 1.0 1.0
1.0 1.0 1.0
1.0 1.0 1.0
1.0 1.0 1.0
1.0 1.0 1.0
1.0 1.0 1.0
1.0 1.0 1.0
1.0 1.0 1.0
1.0 1.0 1.0
1.0 1.0 1.0
1.0 1.0 1.0
1.0 1.0 1.0
1.0 1.0 1.0
1.0 1.0 1.0
1.0 1.0 1.0
1.0 1.0 1.0
1.0 1.0 1.0
1.0 1.0 1.0
1.0 1.0 1.0
1.0 1.0 1.0
1.0 1.0 1.0
1.0 1.0 1.0
1.0 1.0 1.0
1.0 1.0 1.0
1.0 1.0 1.0
1.0 1.0 1.0
1.0 1.0 1.0
1.0 1.0 1.0
1.0 1.0 1.0
1.0 1.0 1.0
1.0 1.0 1.0
1.0 1.0 1.0
1.0 1.0 1.0
1.0 1.0 1.0
1.0 1.0 1.0
1.0 1.0 1.0
1.0 1.0 1.0
1.0 1.0 1.0
1.0 1.0 1.0
1.0 1.0 1.0
1.0 1.0 1.0
1.0 1.0 1.0
1.0 1.0 1.0
1.0 1.0 1.0
1.0 1.0 1.0
1.0 1.0 1.0
1.0 1.0 1.0
1.0 1.0 1.0
1.0 1.0 1.0
1.0 1.0 1.0
1.0 1.0 1.0
1.0 1.0 1.0
1.0 1.0 1.0
1.0 1.0 1.0
1.0 1.0 1.0
1.0 1.0 1.0
1.0 1.0 1.0
1.0 1.0 1.0
1.0 1.0 1.0
1.0 1.0 1.0
1.0 1.0 1.0
1.0 1.0 1.0
1.0 1.0 1.0
1.0 1.0 1.0
1.0 1.0 1.0
1.0 1.0 1.0
1.0 1.0 1.0
1.0 1.0 1.0
1.0 1.0 1.0
1.0 1.0 1.0
1.0 1.0 1.0
1.0 1.0 1.0
1.0 1.0 1.0
1.0 1.0 1.0
1.0 1.0 1.0
1.0 1.0 1.0
1.0 1.0 1.0
1.0 1.0 1.0
1.0 1.0 1.0
1.0 1.0 1.0
1.0 1.0 1.0
1.0 1.0 1.0
1.0 1.0 1.0
1.0 1.0 1.0
1.0 1.0 1.0
1.0 1.0 1.0
1.0 1.0 1.0
1.0 1.0 1.0
1.0 1.0 1.0
1.0 1.0 1.0
1.0 1.0 1.0
1.0 1.0 1.0
1.0 1.0 1.0
1.0 1.0 1.0
1.0 1.0 1.0
1.0 1.0 1.0
1.0 1.0 1.0
1.0 1.0 1.0
1.0 1.0 1.0
1.0 1.0 1.0
1.0 1.0 1.0
1.0 1.0 1.0
1.0 1.0 1.0
1.0 1.0 1.0
1.0 1.0 1.0
1.0 1.0 1.0
1.0 1.0 1.0
1.0 1.0 1.0
1.0 1.0 1.0
1.0 1.0 1.0
1.0 1.0 1.0
1.0 1.0 1.0
1.0 1.0 1.0
1.0 1.0 1.0
1.0 1.0 1.0
1.0 1.0 1.0
1.0 1.0 1.0
1.0 1.0 1.0
1.0 1.0 1.0
1.0 1.0 1.0
1.0 1.0 1.0
1.0 1.0 1.0
1.0 1.0 1.0
1.0 1.0 1.0
1.0 1.0 1.0
1.0 1.0 1.0
1.0 1.0 1.0
1.0 1.0 1.0
1.0 1.0 1.0
1.0 1.0 1.0
1.0 1.0 1.0
1.0 1.0 1.0
1.0 1.0 1.0
1.0 1.0 1.0
1.0 1.0 1.0
1.0 1.0 1.0
1.0 1.0 1.0
1.0 1.0 1.0
1.0 1.0 1.0
1.0 1.0 1.0
1.0 1.0 1.0
1.0 1.0 1.0
1.0 1.0 1.0
1.0 1.0 1.0
1.0 1.0 1.0
1.0 1.0 1.0
1.0 1.0 1.0
1.0 1.0 1.0
1.0 1.0 1.0
1.0 1.0 1.0
1.0 1.0 1.0
1.0 1.0 1.0
1.0 1.0 1.0
1.0 1.0 1.0
1.0 1.0 1.0
1.0 1.0 1.0
1.0 1.0 1.0
1.0 1.0 1.0
1.0 1.0 1.0
1.0 1.0 1.0
1.0 1.0 1.0
1.0 1.0 1.0
1.0 1.0 1.0
1.0 1.0 1.0
1.0 1.0 1.0
1.0 1.0 1.0
1.0 1.0 1.0
1.0 1.0 1.0
1.0 1.0 1.0
1.0 1.0 1.0
1.0 1.0 1.0
1.0 1.0 1.0
1.0 1.0 1.0
1.0 1.0 1.0
1.0 1.0 1.0
1.0 1.0 1.0
1.0 1.0 1.0
1.0 1.0 1.0
1.0 1.0 1.0
1.0 1.0 1.0
1.0 1.0 1.0
1.0 1.0 1.0
1.0 1.0 1.0
1.0 1.0 1.0
1.0 1.0 1.0
1.0 1.0 1.0
1.0 1.0 1.0
1.0 1.0 1.0
1.0 1.0 1.0
1.0 1.0 1.0
1.0 1.0 1.0
1.0 1.0 1.0
1.0 1.0 1.0
1.0 1.0 1.0
1.0 1.0 1.0
1.0 1.0 1.0
1.0 1.0 1.0
1.0 1.0 1.0
1.0 1.0 1.0
1.0 1.0 1.0
1.0 1.0 1.0
1.0 1.0 1.0
1.0 1.0 1.0
1.0 1.0 1.0
1.0 1.0 1.0
1.0 1.0 1.0
1.0 1.0 1.0
1.0 1.0 1.0
1.0 1.0 1.0
1.0 1.0 1.0
1.0 1.0 1.0
1.0 1.0 1.0
1.0 1.0 1.0
1.0 1.0 1.0
1.0 1.0 1.0
1.0 1.0 1.0
1.0 1.0 1.0
1.0 1.0 1.0
1.0 1.0 1.0
1.0 1.0 1.0
1.0 1.0 1.0
1.0 1.0 1.0
1.0 1.0 1.0
1.0 1.0 1.0
1.0 1.0 1.0
1.0 1.0 1.0
1.0 1.0 1.0
1.0 1.0 1.0
1.0 1.0 1.0
1.0 1.0 1.0
1.0 1.0 1.0
1.0 1.0 1.0
1.0 1.0 1.0
1.0 1.0 1.0
1.0 1.0 1.0
1.0 1.0 1.0
1.0 1.0 1.0
1.0 1.0 1.0
1.0 1.0 1.0
1.0 1.0 1.0
1.0 1.0 1.0
1.0 1.0 1.0
1.0 1.0 1.0
1.0 1.0 1.0
1.0 1.0 1.0
1.0 1.0 1.0
1.0 1.0 1.0
1.0 1.0 1.0
1.0 1.0 1.0
1.0 1.0 1.0
1.0 1.0 1.0
1.0 1.0 1.0
1.0 1.0 1.0
1.0 1.0 1.0
1.0 1.0 1.0
1.0 1.0 1.0
1.0 1.0 1.0
1.0 1.0 1.0
1.0 1.0 1.0
1.0 1.0 1.0
1.0 1.0 1.0
1.0 1.0 1.0
1.0 1.0 1.0
1.0 1.0 1.0
1.0 1.0 1.0
1.0 1.0 1.0
1.0 1.0 1.0
1.0 1.0 1.0
1.0 1.0 1.0
1.0 1.0 1.0
1.0 1.0 1.0
1.0 1.0 1.0
1.0 1.0 1.0
1.0 1.0 1.0
1.0 1.0 1.0
1.0 1.0 1.0
1.0 1.0 1.0
1.0 1.0 1.0
1.0 1.0 1.0
1.0 1.0 1.0
1.0 1.0 1.0
1.0 1.0 1.0
1.0 1.0 1.0
1.0 1.0 1.0
1.0 1.0 1.0
1.0 1.0 1.0
1.0 1.0 1.0
1.0 1.0 1.0
1.0 1.0 1.0
1.0 1.0 1.0
1.0 1.0 1.0
1.0 1.0 1.0
1.0 1.0 1.0
1.0 1.0 1.0
1.0 1.0 1.0
1.0 1.0 1.0
1.0 1.0 1.0
1.0 1.0 1.0
1.0 1.0 1.0
1.0 1.0 1.0
1.0 1.0 1.0
1.0 1.0 1.0
1.0 1.0 1.0
1.0 1.0 1.0
1.0 1.0 1.0
1.0 1.0 1.0
1.0 1.0 1.0
1.0 1.0 1.0
1.0 1.0 1.0
1.0 1.0 1.0
1.0 1.0 1.0
1.0 1.0 1.0
1.0 1.0 1.0
1.0 1.0 1.0
1.0 1.0 1.0
1.0 1.0 1.0
1.0 1.0 1.0
1.0 1.0 1.0
1.0 1.0 1.0
1.0 1.0 1.0
1.0 1.0 1.0
1.0 1.0 1.0
1.0 1.0 1.0
1.0 1.0 1.0
1.0 1.0 1.0
1.0 1.0 1.0
1.0 1.0 1.0
1.0 1.0 1.0
1.0 1.0 1.0
1.0 1.0 1.0
1.0 1.0 1.0
1.0 1.0 1.0
1.0 1.0 1.0
1.0 1.0 1.0
1.0 1.0 1.0
1.0 1.0 1.0
1.0 1.0 1.0
1.0 1.0 1.0
1.0 1.0 1.0
1.0 1.0 1.0
1.0 1.0 1.0
1.0 1.0 1.0
1.0 1.0 1.0
1.0 1.0 1.0
1.0 1.0 1.0
1.0 1.0 1.0
1.0 1.0 1.0
1.0 1.0 1.0
1.0 1.0 1.0
1.0 1.0 1.0
1.0 1.0 1.0
1.0 1.0 1.0
1.0 1.0 1.0
1.0 1.0 1.0
1.0 1.0 1.0
1.0 1.0 1.0
1.0 1.0 1.0
1.0 1.0 1.0
1.0 1.0 1.0
1.0 1.0 1.0
1.0 1.0 1.0
1.0 1.0 1.0
1.0 1.0 1.0
1.0 1.0 1.0
1.0 1.0 1.0
1.0 1.0 1.0
1.0 1.0 1.0
1.0 1.0 1.0
1.0 1.0 1.0
1.0 1.0 1.0
1.0 1.0 1.0
1.0 1.0 1.0
1.0 1.0 1.0
1.0 1.0 1.0
1.0 1.0 1.0
1.0 1.0 1.0
1.0 1.0 1.0
1.0 1.0 1.0
1.0 1.0 1.0
1.0 1.0 1.0
1.0 1.0 1.0
1.0 1.0 1.0
1.0 1.0 1.0
1.0 1.0 1.0
1.0 1.0 1.0
1.0 1.0 1.0
1.0 1.0 1.0
1.0 1.0 1.0
1.0 1.0 1.0
1.0 1.0 1.0
1.0 1.0 1.0
1.0 1.0 1.0
1.0 1.0 1.0
1.0 1.0 1.0
1.0 1.0 1.0
1.0 1.0 1.0
1.0 1.0 1.0
1.0 1.0 1.0
1.0 1.0 1.0
1.0 1.0 1.0
1.0 1.0 1.0
1.0 1.0 1.0
1.0 1.0 1.0
1.0 1.0 1.0
1.0 1.0 1.0
1.0 1.0 1.0
1.0 1.0 1.0
1.0 1.0 1.0
1.0 1.0 1.0
1.0 1.0 1.0
1.0 1.0 1.0
1.0 1.0 1.0
1.0 1.0 1.0
1.0 1.0 1.0
1.0 1.0 1.0
1.0 1.0 1.0
1.0 1.0 1.0
1.0 1.0 1.0
1.0 1.0 1.0
1.0 1.0 1.0
1.0 1.0 1.0
1.0 1.0 1.0
1.0 1.0 1.0
1.0 1.0 1.0
1.0 1.0 1.0
1.0 1.0 1.0
1.0 1.0 1.0
1.0 1.0 1.0
1.0 1.0 1.0
1.0 1.0 1.0
1.0 1.0 1.0
1.0 1.0 1.0
1.0 1.0 1.0
1.0 1.0 1.0
1.0 1.0 1.0
1.0 1.0 1.0
1.0 1.0 1.0
1.0 1.0 1.0
1.0 1.0 1.0
1.0 1.0 1.0
1.0 1.0 1.0
1.0 1.0 1.0
1.0 1.0 1.0
1.0 1.0 1.0
1.0 1.0 1.0
1.0 1.0 1.0
1.0 1.0 1.0
1.0 1.0 1.0
1.0 1.0 1.0
1.0 1.0 1.0
1.0 1.0 1.0
1.0 1.0 1.0
1.0 1.0 1.0
1.0 1.0 1.0
1.0 1.0 1.0
1.0 1.0 1.0
1.0 1.0 1.0
1.0 1.0 1.0
1.0 1.0 1.0
1.0 1.0 1.0
1.0 1.0 1.0
1.0 1.0 1.0
1.0 1.0 1.0
1.0 1.0 1.0
1.0 1.0 1.0
1.0 1.0 1.0
1.0 1.0 1.0
1.0 1.0 1.0
1.0 1.0 1.0
1.0 1.0 1.0
1.0 1.0 1.0
1.0 1.0 1.0
1.0 1.0 1.0
1.0 1.0 1.0
1.0 1.0 1.0
1.0 1.0 1.0
1.0 1.0 1.0
1.0 1.0 1.0
1.0 1.0 1.0
1.0 1.0 1.0
1.0 1.0 1.0
1.0 1.0 1.0
1.0 1.0 1.0
1.0 1.0 1.0
1.0 1.0 1.0
1.0 1.0 1.0
1.0 1.0 1.0
1.0 1.0 1.0
1.0 1.0 1.0
1.0 1.0 1.0
1.0 1.0 1.0
1.0 1.0 1.0
1.0 1.0 1.0
1.0 1.0 1.0
1.0 1.0 1.0
1.0 1.0 1.0
1.0 1.0 1.0
1.0 1.0 1.0
1.0 1.0 1.0
1.0 1.0 1.0
1.0 1.0 1.0
1.0 1.0 1.0
1.0 1.0 1.0
1.0 1.0 1.0
1.0 1.0 1.0
1.0 1.0 1.0
1.0 1.0 1.0
1.0 1.0 1.0
1.0 1.0 1.0
1.0 1.0 1.0
1.0 1.0 1.0
1.0 1.0 1.0
1.0 1.0 1.0
1.0 1.0 1.0
1.0 1.0 1.0
1.0 1.0 1.0
1.0 1.0 1.0
1.0 1.0 1.0
1.0 1.0 1.0
1.0 1.0 1.0
1.0 1.0 1.0
1.0 1.0 1.0
1.0 1.0 1.0
1.0 1.0 1.0
1.0 1.0 1.0
1.0 1.0 1.0
1.0 1.0 1.0
1.0 1.0 1.0
1.0 1.0 1.0
1.0 1.0 1.0
1.0 1.0 1.0
1.0 1.0 1.0
1.0 1.0 1.0
1.0 1.0 1.0
1.0 1.0 1.0
1.0 1.0 1.0
1.0 1.0 1.0
1.0 1.0 1.0
1.0 1.0 1.0
1.0 1.0 1.0
1.0 1.0 1.0
1.0 1.0 1.0
1.0 1.0 1.0
1.0 1.0 1.0
1.0 1.0 1.0
1.0 1.0 1.0
1.0 1.0 1.0
1.0 1.0 1.0
1.0 1.0 1.0
1.0 1.0 1.0
1.0 1.0 1.0
1.0 1.0 1.0
1.0 1.0 1.0
1.0 1.0 1.0
1.0 1.0 1.0
1.0 1.0 1.0
1.0 1.0 1.0
1.0 1.0 1.0
1.0 1.0 1.0
1.0 1.0 1.0
1.0 1.0 1.0
1.0 1.0 1.0
1.0 1.0 1.0
1.0 1.0 1.0
1.0 1.0 1.0
1.0 1.0 1.0
1.0 1.0 1.0
1.0 1.0 1.0
1.0 1.0 1.0
1.0 1.0 1.0
1.0 1.0 1.0
1.0 1.0 1.0
1.0 1.0 1.0
1.0 1.0 1.0
1.0 1.0 1.0
1.0 1.0 1.0
1.0 1.0 1.0
1.0 1.0 1.0
1.0 1.0 1.0
1.0 1.0 1.0
1.0 1.0 1.0
1.0 1.0 1.0
1.0 1.0 1.0
1.0 1.0 1.0
1.0 1.0 1.0
1.0 1.0 1.0
1.0 1.0 1.0
1.0 1.0 1.0
1.0 1.0 1.0
1.0 1.0 1.0
1.0 1.0 1.0
1.0 1.0 1.0
1.0 1.0 1.0
1.0 1.0 1.0
1.0 1.0 1.0
1.0 1.0 1.0
1.0 1.0 1.0
1.0 1.0 1.0
1.0 1.0 1.0
1.0 1.0 1.0
1.0 1.0 1.0
1.0 1.0 1.0
1.0 1.0 1.0
1.0 1.0 1.0
1.0 1.0 1.0
1.0 1.0 1.0
1.0 1.0 1.0
1.0 1.0 1.0
1.0 1.0 1.0
1.0 1.0 1.0
1.0 1.0 1.0
1.0 1.0 1.0
1.0 1.0 1.0
1.0 1.0 1.0
1.0 1.0 1.0
1.0 1.0 1.0
1.0 1.0 1.0
1.0 1.0 1.0
1.0 1.0 1.0
1.0 1.0 1.0
1.0 1.0 1.0
1.0 1.0 1.0
1.0 1.0 1.0
1.0 1.0 1.0
1.0 1.0 1.0
1.0 1.0 1.0
1.0 1.0 1.0
1.0 1.0 1.0
1.0 1.0 1.0
1.0 1.0 1.0
1.0 1.0 1.0
1.0 1.0 1.0
1.0 1.0 1.0
1.0 1.0 1.0
1.0 1.0 1.0
1.0 1.0 1.0
1.0 1.0 1.0
1.0 1.0 1.0
1.0 1.0 1.0
1.0 1.0 1.0
1.0 1.0 1.0
1.0 1.0 1.0
1.0 1.0 1.0
1.0 1.0 1.0
1.0 1.0 1.0
1.0 1.0 1.0
1.0 1.0 1.0
1.0 1.0 1.0
1.0 1.0 1.0
1.0 1.0 1.0
1.0 1.0 1.0
1.0 1.0 1.0
1.0 1.0 1.0
1.0 1.0 1.0
1.0 1.0 1.0
1.0 1.0 1.0
1.0 1.0 1.0
1.0 1.0 1.0
1.0 1.0 1.0
1.0 1.0 1.0
1.0 1.0 1.0
1.0 1.0 1.0
1.0 1.0 1.0
1.0 1.0 1.0
1.0 1.0 1.0
1.0 1.0 1.0
1.0 1.0 1.0
1.0 1.0 1.0
1.0 1.0 1.0
1.0 1.0 1.0
1.0 1.0 1.0
1.0 1.0 1.0
1.0 1.0 1.0
1.0 1.0 1.0
1.0 1.0 1.0
1.0 1.0 1.0
1.0 1.0 1.0
1.0 1.0 1.0
1.0 1.0 1.0
1.0 1.0 1.0
1.0 1.0 1.0
1.0 1.0 1.0
1.0 1.0 1.0
1.0 1.0 1.0
1.0 1.0 1.0
1.0 1.0 1.0
1.0 1.0 1.0
1.0 1.0 1.0
1.0 1.0 1.0
1.0 1.0 1.0
1.0 1.0 1.0
1.0 1.0 1.0
1.0 1.0 1.0
1.0 1.0 1.0
1.0 1.0 1.0
1.0 1.0 1.0
1.0 1.0 1.0
1.0 1.0 1.0
1.0 1.0 1.0
1.0 1.0 1.0
1.0 1.0 1.0
1.0 1.0 1.0
1.0 1.0 1.0
1.0 1.0 1.0
1.0 1.0 1.0
1.0 1.0 1.0
1.0 1.0 1.0
1.0 1.0 1.0
1.0 1.0 1.0
1.0 1.0 1.0
1.0 1.0 1.0
1.0 1.0 1.0
1.0 1.0 1.0
1.0 1.0 1.0
1.0 1.0 1.0
1.0 1.0 1.0
1.0 1.0 1.0
1.0 1.0 1.0
1.0 1.0 1.0
1.0 1.0 1.0
1.0 1.0 1.0
1.0 1.0 1.0
1.0 1.0 1.0
1.0 1.0 1.0
1.0 1.0 1.0
1.0 1.0 1.0
1.0 1.0 1.0
1.0 1.0 1.0
1.0 1.0 1.0
1.0 1.0 1.0
1.0 1.0 1.0
1.0 1.0 1.0
1.0 1.0 1.0
1.0 1.0 1.0
1.0 1.0 1.0
1.0 1.0 1.0
1.0 1.0 1.0
1.0 1.0 1.0
1.0 1.0 1.0
1.0 1.0 1.0
1.0 1.0 1.0
1.0 1.0 1.0
1.0 1.0 1.0
1.0 1.0 1.0
1.0 1.0 1.0
1.0 1.0 1.0
1.0 1.0 1.0
1.0 1.0 1.0
1.0 1.0 1.0
1.0 1.0 1.0
1.0 1.0 1.0
1.0 1.0 1.0
1.0 1.0 1.0
1.0 1.0 1.0
1.0 1.0 1.0
1.0 1.0 1.0
1.0 1.0 1.0
1.0 1.0 1.0
1.0 1.0 1.0
1.0 1.0 1.0
1.0 1.0 1.0
1.0 1.0 1.0
1.0 1.0 1.0
1.0 1.0 1.0
1.0 1.0 1.0
1.0 1.0 1.0
1.0 1.0 1.0
1.0 1.0 1.0
1.0 1.0 1.0
1.0 1.0 1.0
1.0 1.0 1.0
1.0 1.0 1.0
1.0 1.0 1.0
1.0 1.0 1.0
1.0 1.0 1.0
1.0 1.0 1.0
1.0 1.0 1.0
1.0 1.0 1.0
1.0 1.0 1.0
1.0 1.0 1.0
1.0 1.0 1.0
1.0 1.0 1.0
1.0 1.0 1.0
1.0 1.0 1.0
1.0 1.0 1.0
1.0 1.0 1.0
1.0 1.0 1.0
1.0 1.0 1.0
1.0 1.0 1.0
1.0 1.0 1.0
1.0 1.0 1.0
1.0 1.0 1.0
1.0 1.0 1.0
1.0 1.0 1.0
1.0 1.0 1.0
1.0 1.0 1.0
1.0 1.0 1.0
1.0 1.0 1.0
1.0 1.0 1.0
1.0 1.0 1.0
1.0 1.0 1.0
1.0 1.0 1.0
1.0 1.0 1.0
1.0 1.0 1.0
1.0 1.0 1.0
1.0 1.0 1.0
1.0 1.0 1.0
1.0 1.0 1.0
1.0 1.0 1.0
1.0 1.0 1.0
1.0 1.0 1.0
1.0 1.0 1.0
1.0 1.0 1.0
1.0 1.0 1.0
1.0 1.0 1.0
1.0 1.0 1.0
1.0 1.0 1.0
1.0 1.0 1.0
1.0 1.0 1.0
1.0 1.0 1.0
1.0 1.0 1.0
1.0 1.0 1.0
1.0 1.0 1.0
1.0 1.0 1.0
1.0 1.0 1.0
1.0 1.0 1.0
1.0 1.0 1.0
1.0 1.0 1.0
1.0 1.0 1.0
1.0 1.0 1.0
1.0 1.0 1.0
1.0 1.0 1.0
1.0 1.0 1.0
1.0 1.0 1.0
1.0 1.0 1.0
1.0 1.0 1.0
1.0 1.0 1.0
1.0 1.0 1.0
1.0 1.0 1.0
1.0 1.0 1.0
1.0 1.0 1.0
1.0 1.0 1.0
1.0 1.0 1.0
1.0 1.0 1.0
1.0 1.0 1.0
1.0 1.0 1.0
1.0 1.0 1.0
1.0 1.0 1.0
1.0 1.0 1.0
1.0 1.0 1.0
1.0 1.0 1.0
1.0 1.0 1.0
1.0 1.0 1.0
1.0 1.0 1.0
1.0 1.0 1.0
1.0 1.0 1.0
1.0 1.0 1.0
1.0 1.0 1.0
1.0 1.0 1.0
1.0 1.0 1.0
1.0 1.0 1.0
1.0 1.0 1.0
1.0 1.0 1.0
1.0 1.0 1.0
1.0 1.0 1.0
1.0 1.0 1.0
1.0 1.0 1.0
